GROUP,PACKAGE,CLASS,INSTRUCTION_MISSED,INSTRUCTION_COVERED,BRANCH_MISSED,BRANCH_COVERED,LINE_MISSED,LINE_COVERED,COMPLEXITY_MISSED,COMPLEXITY_COVERED,METHOD_MISSED,METHOD_COVERED
Overall Coverage/api,org.ehrbase.api.definitions,OperationalTemplateFormat,15,0,0,0,3,0,1,0,1,0
Overall Coverage/api,org.ehrbase.api.service,CompositionService,15,0,0,0,3,0,1,0,1,0
Overall Coverage/api,org.ehrbase.api.service,EhrService,56,0,8,0,10,0,6,0,2,0
Overall Coverage/api,org.ehrbase.api.service,TerminologyServer.TerminologyAdapter,72,0,4,0,16,0,6,0,4,0
Overall Coverage/api,org.ehrbase.api.service,TerminologyServer.SubsumptionResult,27,0,0,0,5,0,1,0,1,0
Overall Coverage/api,org.ehrbase.api.authorization,EhrbasePermission,350,0,0,0,53,0,3,0,3,0
Overall Coverage/api,org.ehrbase.api.exception,PreconditionFailedException,37,0,0,0,14,0,5,0,5,0
Overall Coverage/api,org.ehrbase.api.exception,GeneralRequestProcessingException,9,0,0,0,4,0,2,0,2,0
Overall Coverage/api,org.ehrbase.api.exception,UnprocessableEntityException,4,0,0,0,2,0,1,0,1,0
Overall Coverage/api,org.ehrbase.api.exception,BadGatewayException,9,0,0,0,4,0,2,0,2,0
Overall Coverage/api,org.ehrbase.api.exception,NotAcceptableException,4,0,0,0,2,0,1,0,1,0
Overall Coverage/api,org.ehrbase.api.exception,UnsupportedMediaTypeException,9,0,0,0,4,0,2,0,2,0
Overall Coverage/api,org.ehrbase.api.exception,DuplicateObjectException,18,0,0,0,7,0,3,0,3,0
Overall Coverage/api,org.ehrbase.api.exception,UnexpectedSwitchCaseException,94,0,4,0,26,0,11,0,9,0
Overall Coverage/api,org.ehrbase.api.exception,StateConflictException,9,0,0,0,4,0,2,0,2,0
Overall Coverage/api,org.ehrbase.api.exception,ValidationException,13,0,0,0,6,0,3,0,3,0
Overall Coverage/api,org.ehrbase.api.exception,InvalidApiParameterException,9,0,0,0,4,0,2,0,2,0
Overall Coverage/api,org.ehrbase.api.exception,ObjectNotFoundException,11,7,0,0,4,3,2,1,2,1
Overall Coverage/api,org.ehrbase.api.exception,InternalServerException,9,4,0,0,4,2,2,1,2,1
Overall Coverage/api,org.ehrbase.api.mapper,StructuredStringJSonSerializer,12,42,2,6,2,13,2,5,0,2
Overall Coverage/api,org.ehrbase.api.audit.msg,AuditMsgBuilder,155,0,0,0,52,0,17,0,17,0
Overall Coverage/api,org.ehrbase.api.audit.msg,AuditMsg.Builder,63,0,0,0,24,0,13,0,13,0
Overall Coverage/api,org.ehrbase.api.audit.msg,AuditMsg,80,0,0,0,24,0,12,0,12,0
Overall Coverage/api,org.ehrbase.api.tenant,ThreadLocalSupplier,4,32,0,0,2,7,1,6,1,6
Overall Coverage/api,org.ehrbase.api.tenant,TenantIdExtractionStrategy,4,0,0,0,1,0,1,0,1,0
Overall Coverage/api,org.ehrbase.api.tenant,Tenant.StdProperties,35,0,0,0,8,0,3,0,3,0
Overall Coverage/api,org.ehrbase.api.tenant,TenantAuthentication,4,4,0,0,2,1,2,1,2,1
Overall Coverage/application,org.ehrbase.application.config,JacksonConfiguration,53,0,0,0,10,0,4,0,4,0
Overall Coverage/application,org.ehrbase.application.config,MeterRegistryCustomizerConfiguration,22,0,0,0,2,0,3,0,3,0
Overall Coverage/application,org.ehrbase.application.config,SwaggerConfiguration,93,0,0,0,32,0,7,0,7,0
Overall Coverage/application,org.ehrbase.application.config,HttpClientConfig,54,0,6,0,16,0,9,0,6,0
Overall Coverage/application,org.ehrbase.application.config,ServerConfigImp,45,0,0,0,17,0,11,0,11,0
Overall Coverage/application,org.ehrbase.application.config,ServerConfigImp.AqlConfig,21,0,0,0,8,0,5,0,5,0
Overall Coverage/application,org.ehrbase.application.util,IsoDateTimeConverter,14,0,2,0,5,0,3,0,2,0
Overall Coverage/application,org.ehrbase.application.web,ForwardFilter,3,0,0,0,1,0,1,0,1,0
Overall Coverage/application,org.ehrbase.application.web,LoggingContextFilter,24,0,0,0,7,0,3,0,3,0
Overall Coverage/application,org.ehrbase.application.config.cache,CacheProperties,34,0,0,0,13,0,7,0,7,0
Overall Coverage/application,org.ehrbase.application.config.cache,CacheConfiguration,83,0,0,0,30,0,4,0,4,0
Overall Coverage/application,org.ehrbase.application.config.client,HttpClientConfiguration,117,0,14,0,30,0,10,0,3,0
Overall Coverage/application,org.ehrbase.application.config.client,HttpClientProperties,19,0,0,0,5,0,3,0,3,0
Overall Coverage/application,org.ehrbase.application.config.client,HttpClientProperties.Ssl,62,0,0,0,26,0,17,0,17,0
Overall Coverage/application,org.ehrbase.application.config.client,HttpClientProperties.Proxy,31,0,0,0,13,0,9,0,9,0
Overall Coverage/application,org.ehrbase.application.config.security,SecurityProperties,54,0,0,0,22,0,15,0,15,0
Overall Coverage/application,org.ehrbase.application.config.security,SecurityConfiguration,3,0,0,0,1,0,1,0,1,0
Overall Coverage/application,org.ehrbase.application.config.security,SecurityProperties.AuthTypes,21,0,0,0,4,0,1,0,1,0
Overall Coverage/application,org.ehrbase.application.config.security,BasicAuthSecurityConfiguration,106,0,0,0,31,0,4,0,4,0
Overall Coverage/application,org.ehrbase.application.config.security,OAuth2SecurityConfiguration,246,0,10,0,53,0,13,0,7,0
Overall Coverage/application,org.ehrbase.application.config.security,NoOpSecurityConfiguration,30,0,0,0,6,0,4,0,4,0
Overall Coverage/application,org.ehrbase.application.config.plugin,EhrBasePluginManager.JsonPropertySourceLoader,10,0,0,0,2,0,2,0,2,0
Overall Coverage/application,org.ehrbase.application.config.plugin,EhrBasePluginManager,204,0,4,0,39,0,14,0,12,0
Overall Coverage/application,org.ehrbase.application.config.plugin,PluginManagerProperties,38,0,0,0,15,0,10,0,10,0
Overall Coverage/application,org.ehrbase.application.config.plugin,PluginConfig,165,0,0,0,38,0,12,0,12,0
Overall Coverage/application,org.ehrbase.application.config.validation,ValidationConfiguration.new ExternalTerminologyValidation() {...},24,0,0,0,5,0,4,0,4,0
Overall Coverage/application,org.ehrbase.application.config.validation,ValidationProperties.Provider,17,0,0,0,7,0,5,0,5,0
Overall Coverage/application,org.ehrbase.application.config.validation,ValidationConfiguration,118,0,10,0,28,0,9,0,4,0
Overall Coverage/application,org.ehrbase.application.config.validation,ValidationProperties.ProviderType,9,0,0,0,2,0,1,0,1,0
Overall Coverage/application,org.ehrbase.application.config.validation,ValidationProperties,31,0,0,0,11,0,6,0,6,0
Overall Coverage/application,org.ehrbase.application,EhrBase,8,0,0,0,3,0,2,0,2,0
Overall Coverage/application,org.ehrbase.application.config.web,WebConfiguration,29,0,0,0,10,0,4,0,4,0
Overall Coverage/application,org.ehrbase.application.config.web,AuditHandlerInterceptorDelegator,21,0,0,0,6,0,3,0,3,0
Overall Coverage/application,org.ehrbase.application.config.web,AuditInterceptorHandler,645,0,34,0,67,0,31,0,14,0
Overall Coverage/application,org.ehrbase.application.config.web,CorsProperties,179,0,4,0,41,0,18,0,16,0
Overall Coverage/application,org.ehrbase.application.abac,AbacConfig.PolicyParameter,21,0,0,0,4,0,1,0,1,0
Overall Coverage/application,org.ehrbase.application.abac,MethodSecurityConfig,16,0,0,0,4,0,2,0,2,0
Overall Coverage/application,org.ehrbase.application.abac,AbacConfig,26,10,0,0,10,4,7,3,7,3
Overall Coverage/application,org.ehrbase.application.abac,CustomMethodSecurityExpressionRoot,758,107,111,11,173,25,79,8,17,5
Overall Coverage/application,org.ehrbase.application.abac,AbacConfig.Policy,17,0,0,0,7,0,5,0,5,0
Overall Coverage/application,org.ehrbase.application.abac,AbacConfig.AbacType,33,0,0,0,6,0,1,0,1,0
Overall Coverage/application,org.ehrbase.application.abac,CustomMethodSecurityExpressionHandler,58,0,0,0,16,0,2,0,2,0
Overall Coverage/application,org.ehrbase.application.abac,AbacConfig.AbacCheck,56,0,2,0,13,0,5,0,4,0
Overall Coverage/base,db.migration,V3__terminology,206,0,6,0,53,0,8,0,5,0
Overall Coverage/jooq-pg,org.ehrbase.jooq.dbencoding,MultiMap,7,4,0,0,2,1,1,1,1,1
Overall Coverage/jooq-pg,org.ehrbase.jooq.dbencoding,RmObjectEncoding,0,17,0,0,0,4,0,2,0,2
Overall Coverage/jooq-pg,org.ehrbase.jooq.dbencoding,ElementValue,43,0,2,0,12,0,3,0,2,0
Overall Coverage/jooq-pg,org.ehrbase.jooq.dbencoding,NameInMap,0,27,0,0,0,8,0,2,0,2
Overall Coverage/jooq-pg,org.ehrbase.jooq.dbencoding,SimpleClassName,0,11,0,0,0,4,0,2,0,2
Overall Coverage/jooq-pg,org.ehrbase.jooq.dbencoding,SerialTree,21,133,5,23,6,23,4,13,0,3
Overall Coverage/jooq-pg,org.ehrbase.jooq.dbencoding,EncodeUtilArchie,13,75,1,1,3,16,2,2,1,2
Overall Coverage/jooq-pg,org.ehrbase.jooq.dbencoding,NodeEncoding,33,67,18,15,9,17,12,7,0,2
Overall Coverage/jooq-pg,org.ehrbase.jooq.dbencoding,ItemStack,91,267,6,34,11,53,6,28,3,11
Overall Coverage/jooq-pg,org.ehrbase.jooq.dbencoding,Elements,18,0,4,0,4,0,4,0,2,0
Overall Coverage/jooq-pg,org.ehrbase.jooq.dbencoding,CompositeClassName,7,73,2,16,1,15,2,9,0,2
Overall Coverage/jooq-pg,org.ehrbase.jooq.dbencoding,PathItem,59,40,9,2,14,12,7,2,0,2
Overall Coverage/jooq-pg,org.ehrbase.jooq.dbencoding,NameAsDvText,0,44,1,3,0,10,1,3,0,2
Overall Coverage/jooq-pg,org.ehrbase.jooq.dbencoding,CompositionSerializer.WalkerOutputMode,0,44,0,0,0,5,0,1,0,1
Overall Coverage/jooq-pg,org.ehrbase.jooq.dbencoding,CompositionSerializer,298,1268,70,124,66,287,64,50,1,16
Overall Coverage/jooq-pg,org.ehrbase.jooq.dbencoding,PathMap,7,7,0,0,2,1,1,1,1,1
Overall Coverage/jooq-pg,org.ehrbase.jooq.dbencoding,EntrySerialTree,88,328,14,16,22,63,14,15,0,10
Overall Coverage/jooq-pg,org.ehrbase.jooq.dbencoding,RawJson,19,41,0,2,5,9,1,4,1,3
Overall Coverage/jooq-pg,org.ehrbase.jooq.dbencoding,ItemStack.ContainmentStruct,0,18,0,0,0,6,0,3,0,3
Overall Coverage/jooq-pg,org.ehrbase.jooq.pg,Keys,3,2247,0,0,1,97,1,1,1,1
Overall Coverage/jooq-pg,org.ehrbase.jooq.pg,Tables,323,115,0,0,81,57,61,1,61,1
Overall Coverage/jooq-pg,org.ehrbase.jooq.pg,Indexes,598,0,0,0,34,0,2,0,2,0
Overall Coverage/jooq-pg,org.ehrbase.jooq.pg,Sequences,17,0,0,0,2,0,2,0,2,0
Overall Coverage/jooq-pg,org.ehrbase.jooq.pg,Ehr,572,183,0,0,203,61,63,3,63,3
Overall Coverage/jooq-pg,org.ehrbase.jooq.pg,UDTs,8,0,0,0,3,0,2,0,2,0
Overall Coverage/jooq-pg,org.ehrbase.jooq.pg,Routines,3213,114,0,0,931,35,260,9,260,9
Overall Coverage/jooq-pg,org.ehrbase.jooq.pg,DefaultCatalog,8,12,0,0,1,4,1,2,1,2
Overall Coverage/jooq-pg,org.ehrbase.jooq.pg.enums,PartyRefIdType,14,58,0,0,4,9,4,3,4,3
Overall Coverage/jooq-pg,org.ehrbase.jooq.pg.enums,EntryType,14,58,0,0,4,9,4,3,4,3
Overall Coverage/jooq-pg,org.ehrbase.jooq.pg.enums,PartyType,14,47,0,0,4,8,4,3,4,3
Overall Coverage/jooq-pg,org.ehrbase.jooq.pg.enums,ContributionDataType,14,69,0,0,4,10,4,3,4,3
Overall Coverage/jooq-pg,org.ehrbase.jooq.pg.enums,ContributionState,14,47,0,0,4,8,4,3,4,3
Overall Coverage/jooq-pg,org.ehrbase.jooq.pg.enums,ContributionChangeType,14,80,0,0,4,11,4,3,4,3
Overall Coverage/jooq-pg,org.ehrbase.jooq.pg.udt,CodePhrase,5,33,1,1,0,7,1,4,0,4
Overall Coverage/jooq-pg,org.ehrbase.jooq.pg.udt,DvCodedText,2,68,1,1,0,11,1,4,0,4
Overall Coverage/jooq-pg,org.ehrbase.jooq.dbencoding.attributes,InstructionDetailsAttributes,48,0,8,0,12,0,6,0,2,0
Overall Coverage/jooq-pg,org.ehrbase.jooq.dbencoding.attributes,SubjectAttributes,7,43,1,5,1,9,1,4,0,2
Overall Coverage/jooq-pg,org.ehrbase.jooq.dbencoding.attributes,PartyRelatedAttributes,0,27,0,0,0,7,0,2,0,2
Overall Coverage/jooq-pg,org.ehrbase.jooq.dbencoding.attributes,SectionAttributes,0,14,0,0,0,4,0,2,0,2
Overall Coverage/jooq-pg,org.ehrbase.jooq.dbencoding.attributes,RMAttributes,0,68,1,5,0,14,1,4,0,2
Overall Coverage/jooq-pg,org.ehrbase.jooq.dbencoding.attributes,ObservationAttributes,0,14,0,0,0,4,0,2,0,2
Overall Coverage/jooq-pg,org.ehrbase.jooq.dbencoding.attributes,PartyIdentifiedAttributes,0,47,0,2,0,10,0,3,0,2
Overall Coverage/jooq-pg,org.ehrbase.jooq.dbencoding.attributes,EvaluationAttributes,0,14,0,0,0,4,0,2,0,2
Overall Coverage/jooq-pg,org.ehrbase.jooq.dbencoding.attributes,OtherParticipationAttributes,0,72,0,2,0,16,0,3,0,2
Overall Coverage/jooq-pg,org.ehrbase.jooq.dbencoding.attributes,ClusterAttributes,0,10,0,0,0,3,0,2,0,2
Overall Coverage/jooq-pg,org.ehrbase.jooq.dbencoding.attributes,ActionAttributes,0,67,4,6,0,13,4,3,0,2
Overall Coverage/jooq-pg,org.ehrbase.jooq.dbencoding.attributes,ItemStructureAttributes,0,10,0,0,0,3,0,2,0,2
Overall Coverage/jooq-pg,org.ehrbase.jooq.dbencoding.attributes,InstructionAttributes,0,54,1,5,0,10,1,4,0,2
Overall Coverage/jooq-pg,org.ehrbase.jooq.dbencoding.attributes,ItemAttributes,0,6,0,0,0,2,0,1,0,1
Overall Coverage/jooq-pg,org.ehrbase.jooq.dbencoding.attributes,ContentItemAttributes,0,6,0,0,0,2,0,1,0,1
Overall Coverage/jooq-pg,org.ehrbase.jooq.dbencoding.attributes,ElementAttributes,19,167,7,15,5,30,6,8,0,3
Overall Coverage/jooq-pg,org.ehrbase.jooq.dbencoding.attributes,EventAttributes,0,62,3,7,0,12,3,4,0,2
Overall Coverage/jooq-pg,org.ehrbase.jooq.dbencoding.attributes,DataStructureAttributes,0,6,0,0,0,2,0,1,0,1
Overall Coverage/jooq-pg,org.ehrbase.jooq.dbencoding.attributes,CareEntryAttributes,0,28,0,2,0,6,0,3,0,2
Overall Coverage/jooq-pg,org.ehrbase.jooq.dbencoding.attributes,EntryAttributes,2,134,9,17,0,25,9,7,0,3
Overall Coverage/jooq-pg,org.ehrbase.jooq.dbencoding.attributes,ActivityAttributes,0,42,3,3,0,8,3,2,0,2
Overall Coverage/jooq-pg,org.ehrbase.jooq.dbencoding.attributes,LocatableAttributes,2,139,7,23,0,23,7,11,0,3
Overall Coverage/jooq-pg,org.ehrbase.jooq.dbencoding.attributes,FeederAuditAttributes,0,118,2,10,0,21,2,7,0,3
Overall Coverage/jooq-pg,org.ehrbase.jooq.dbencoding.attributes,LinksAttributes,0,57,0,2,0,13,0,3,0,2
Overall Coverage/jooq-pg,org.ehrbase.jooq.dbencoding.attributes,PartySelfAttributes,0,33,0,0,0,8,0,2,0,2
Overall Coverage/jooq-pg,org.ehrbase.jooq.dbencoding.attributes,IsmTransitionAttributes,93,0,12,0,20,0,8,0,2,0
Overall Coverage/jooq-pg,org.ehrbase.jooq.dbencoding.attributes,FeederAuditDetailsAttributes,0,162,1,21,0,30,1,12,0,2
Overall Coverage/jooq-pg,org.ehrbase.jooq.dbencoding.attributes,HistoryAttributes,0,33,2,2,0,6,2,2,0,2
Overall Coverage/jooq-pg,org.ehrbase.jooq.dbencoding.attributes,AdminEntryAttributes,0,14,0,0,0,4,0,2,0,2
Overall Coverage/jooq-pg,org.ehrbase.jooq.dbencoding.wrappers.json.writer,TermMappingAdapter,71,9,4,2,15,4,3,2,0,2
Overall Coverage/jooq-pg,org.ehrbase.jooq.dbencoding.wrappers.json.writer,PartyIdentifiedAdapter,59,3,6,0,18,1,6,1,3,1
Overall Coverage/jooq-pg,org.ehrbase.jooq.dbencoding.wrappers.json.writer,DvTimeAdapter,70,3,6,0,18,1,6,1,3,1
Overall Coverage/jooq-pg,org.ehrbase.jooq.dbencoding.wrappers.json.writer,GenericIdAdapter,6,38,2,2,3,10,3,2,1,2
Overall Coverage/jooq-pg,org.ehrbase.jooq.dbencoding.wrappers.json.writer,HierObjectIdAdapter,33,4,4,0,10,2,4,1,2,1
Overall Coverage/jooq-pg,org.ehrbase.jooq.dbencoding.wrappers.json.writer,DvTypeAdapter,3,12,0,0,2,6,2,2,2,2
Overall Coverage/jooq-pg,org.ehrbase.jooq.dbencoding.wrappers.json.writer,CodePhraseAdapter,60,64,4,2,15,14,5,2,2,2
Overall Coverage/jooq-pg,org.ehrbase.jooq.dbencoding.wrappers.json.writer,DvCodedTextAdapter,73,111,5,3,17,25,6,2,2,2
Overall Coverage/jooq-pg,org.ehrbase.jooq.dbencoding.wrappers.json.writer,DvTextAdapter,37,44,4,2,9,12,5,2,2,2
Overall Coverage/jooq-pg,org.ehrbase.jooq.dbencoding.wrappers.json.writer,DvDurationAdapter,38,28,5,3,10,7,6,2,2,2
Overall Coverage/jooq-pg,org.ehrbase.jooq.dbencoding.wrappers.json.writer,TerminologyIDAdapter,63,0,6,0,18,0,7,0,4,0
Overall Coverage/jooq-pg,org.ehrbase.jooq.dbencoding.wrappers.json.writer,DvDateAdapter,70,3,6,0,18,1,6,1,3,1
Overall Coverage/jooq-pg,org.ehrbase.jooq.dbencoding.wrappers.json.writer,DvDateTimeAdapter,73,3,8,0,18,1,7,1,3,1
Overall Coverage/jooq-pg,org.ehrbase.jooq.dbencoding.wrappers.json.writer,ParticipationAdapter,69,3,6,0,19,1,6,1,3,1
Overall Coverage/jooq-pg,org.ehrbase.jooq.dbencoding.wrappers.json.writer,PartyRefAdapter,23,70,3,3,9,16,5,2,2,2
Overall Coverage/jooq-pg,org.ehrbase.jooq.dbencoding.attributes.datavalues.datetime.datetime,DvDateTimeAttributes,101,196,32,24,13,38,26,18,6,10
Overall Coverage/jooq-pg,org.ehrbase.jooq.dbencoding.attributes.datavalues.datetime,TemporalAttributes,0,115,0,0,0,28,0,3,0,3
Overall Coverage/jooq-pg,org.ehrbase.jooq.dbencoding.wrappers.json,I_DvTypeAdapter.AdapterType,0,44,0,0,0,5,0,1,0,1
Overall Coverage/jooq-pg,org.ehrbase.jooq.pg.routines,FolderUid,54,0,0,0,16,0,6,0,6,0
Overall Coverage/jooq-pg,org.ehrbase.jooq.pg.routines,JsCodePhrase1,57,0,0,0,17,0,6,0,6,0
Overall Coverage/jooq-pg,org.ehrbase.jooq.pg.routines,JsCodePhrase2,39,0,0,0,11,0,4,0,4,0
Overall Coverage/jooq-pg,org.ehrbase.jooq.pg.routines,AqlNodeNamePredicate,15,58,0,0,6,16,3,5,3,5
Overall Coverage/jooq-pg,org.ehrbase.jooq.pg.routines,JsPartySelfIdentified,54,0,0,0,16,0,6,0,6,0
Overall Coverage/jooq-pg,org.ehrbase.jooq.pg.routines,JsCanonicalObjectVersionId,35,0,0,0,10,0,4,0,4,0
Overall Coverage/jooq-pg,org.ehrbase.jooq.pg.routines,JsCanonicalDvQuantity,92,0,0,0,28,0,10,0,10,0
Overall Coverage/jooq-pg,org.ehrbase.jooq.pg.routines,MigrationAuditTzid,35,0,0,0,10,0,4,0,4,0
Overall Coverage/jooq-pg,org.ehrbase.jooq.pg.routines,CompositionName,35,0,0,0,10,0,4,0,4,0
Overall Coverage/jooq-pg,org.ehrbase.jooq.pg.routines,JsCanonicalHierObjectId2,38,0,0,0,11,0,4,0,4,0
Overall Coverage/jooq-pg,org.ehrbase.jooq.pg.routines,JsCanonicalHierObjectId1,5,33,0,0,2,9,1,3,1,3
Overall Coverage/jooq-pg,org.ehrbase.jooq.pg.routines,AdminDeleteTemplate,35,0,0,0,10,0,4,0,4,0
Overall Coverage/jooq-pg,org.ehrbase.jooq.pg.routines,MigrateParticipationMode,37,0,0,0,10,0,4,0,4,0
Overall Coverage/jooq-pg,org.ehrbase.jooq.pg.routines,JsCanonicalParticipations,35,0,0,0,10,0,4,0,4,0
Overall Coverage/jooq-pg,org.ehrbase.jooq.pg.routines,JsonEntryMigrate,48,0,0,0,12,0,5,0,5,0
Overall Coverage/jooq-pg,org.ehrbase.jooq.pg.routines,JsContextSetting,35,0,0,0,10,0,4,0,4,0
Overall Coverage/jooq-pg,org.ehrbase.jooq.pg.routines,JsArchetypeDetails2,76,0,0,0,23,0,8,0,8,0
Overall Coverage/jooq-pg,org.ehrbase.jooq.pg.routines,JsArchetypeDetails1,57,0,0,0,17,0,6,0,6,0
Overall Coverage/jooq-pg,org.ehrbase.jooq.pg.routines,JsObjectVersionId,35,0,0,0,10,0,4,0,4,0
Overall Coverage/jooq-pg,org.ehrbase.jooq.pg.routines,JsCanonicalPartyIdentified,35,0,0,0,10,0,4,0,4,0
Overall Coverage/jooq-pg,org.ehrbase.jooq.pg.routines,JsCanonicalPartyRef,92,0,0,0,28,0,10,0,10,0
Overall Coverage/jooq-pg,org.ehrbase.jooq.pg.routines,JsDvCodedText2,39,0,0,0,11,0,4,0,4,0
Overall Coverage/jooq-pg,org.ehrbase.jooq.pg.routines,JsDvCodedText1,57,0,0,0,17,0,6,0,6,0
Overall Coverage/jooq-pg,org.ehrbase.jooq.pg.routines,JsEhrStatus1,5,33,0,0,2,9,1,3,1,3
Overall Coverage/jooq-pg,org.ehrbase.jooq.pg.routines,JsonbExtractPathText,55,0,0,0,16,0,6,0,6,0
Overall Coverage/jooq-pg,org.ehrbase.jooq.pg.routines,JsEhrStatus2,57,0,0,0,17,0,6,0,6,0
Overall Coverage/jooq-pg,org.ehrbase.jooq.pg.routines,DeleteOrphanHistory,16,0,0,0,4,0,2,0,2,0
Overall Coverage/jooq-pg,org.ehrbase.jooq.pg.routines,PartyUsage,35,0,0,0,10,0,4,0,4,0
Overall Coverage/jooq-pg,org.ehrbase.jooq.pg.routines,AdminUpdateTemplate,54,0,0,0,16,0,6,0,6,0
Overall Coverage/jooq-pg,org.ehrbase.jooq.pg.routines,JsPartyRef,20,72,0,0,8,20,4,6,4,6
Overall Coverage/jooq-pg,org.ehrbase.jooq.pg.routines,MigrateParticipationFunction,37,0,0,0,10,0,4,0,4,0
Overall Coverage/jooq-pg,org.ehrbase.jooq.pg.routines,JsDvDateTime,10,45,0,0,4,12,2,4,2,4
Overall Coverage/jooq-pg,org.ehrbase.jooq.pg.routines,MigrationAuditCommitter,35,0,0,0,10,0,4,0,4,0
Overall Coverage/jooq-pg,org.ehrbase.jooq.pg.routines,JsCanonicalGenericId,54,0,0,0,16,0,6,0,6,0
Overall Coverage/jooq-pg,org.ehrbase.jooq.pg.routines,MigrateConceptToDvCodedText,37,0,0,0,10,0,4,0,4,0
Overall Coverage/jooq-pg,org.ehrbase.jooq.pg.routines,ObjectVersionId,73,0,0,0,22,0,8,0,8,0
Overall Coverage/jooq-pg,org.ehrbase.jooq.pg.routines,MigrateFolderAudit,20,0,0,0,5,0,3,0,3,0
Overall Coverage/jooq-pg,org.ehrbase.jooq.pg.routines,MapChangeTypeToCodestring,35,0,0,0,10,0,4,0,4,0
Overall Coverage/jooq-pg,org.ehrbase.jooq.pg.routines,JsonPartySelf,132,0,0,0,40,0,14,0,14,0
Overall Coverage/jooq-pg,org.ehrbase.jooq.pg.routines,JsonPartyIdentified1,133,0,0,0,41,0,14,0,14,0
Overall Coverage/jooq-pg,org.ehrbase.jooq.pg.routines,JsonPartyIdentified2,154,0,0,0,47,0,16,0,16,0
Overall Coverage/jooq-pg,org.ehrbase.jooq.pg.routines,EhrStatusUid,54,0,0,0,16,0,6,0,6,0
Overall Coverage/jooq-pg,org.ehrbase.jooq.pg.routines,JsParty,35,0,0,0,10,0,4,0,4,0
Overall Coverage/jooq-pg,org.ehrbase.jooq.pg.routines,JsonPartyRelated,171,0,0,0,52,0,18,0,18,0
Overall Coverage/jooq-pg,org.ehrbase.jooq.pg.routines,JsEhr,10,44,0,0,4,12,2,4,2,4
Overall Coverage/jooq-pg,org.ehrbase.jooq.pg.routines,JsFolder,54,0,0,0,16,0,6,0,6,0
Overall Coverage/jooq-pg,org.ehrbase.jooq.pg.routines,JsParticipations,37,0,0,0,10,0,4,0,4,0
Overall Coverage/jooq-pg,org.ehrbase.jooq.pg.routines,JsPartyIdentified,54,0,0,0,16,0,6,0,6,0
Overall Coverage/jooq-pg,org.ehrbase.jooq.pg.routines,IsoTimestamp,36,0,0,0,10,0,4,0,4,0
Overall Coverage/jooq-pg,org.ehrbase.jooq.pg.routines,MigrationAuditSystemId,35,0,0,0,10,0,4,0,4,0
Overall Coverage/jooq-pg,org.ehrbase.jooq.pg.routines,CamelToSnake,35,0,0,0,10,0,4,0,4,0
Overall Coverage/jooq-pg,org.ehrbase.jooq.pg.routines,JsConcept,35,0,0,0,10,0,4,0,4,0
Overall Coverage/jooq-pg,org.ehrbase.jooq.pg.routines,JsEhrStatusUid,54,0,0,0,16,0,6,0,6,0
Overall Coverage/jooq-pg,org.ehrbase.jooq.pg.routines,JsAuditDetails,35,0,0,0,10,0,4,0,4,0
Overall Coverage/jooq-pg,org.ehrbase.jooq.pg.routines,JsCanonicalObjectId,75,0,0,0,22,0,8,0,8,0
Overall Coverage/jooq-pg,org.ehrbase.jooq.pg.routines,PartyRef,113,0,0,0,34,0,12,0,12,0
Overall Coverage/jooq-pg,org.ehrbase.jooq.pg.routines,GetSystemVersion,16,0,0,0,4,0,2,0,2,0
Overall Coverage/jooq-pg,org.ehrbase.jooq.pg.routines,JsTypedElementValue,35,0,0,0,10,0,4,0,4,0
Overall Coverage/jooq-pg,org.ehrbase.jooq.pg.routines,JsArchetyped,54,0,0,0,16,0,6,0,6,0
Overall Coverage/jooq-pg,org.ehrbase.jooq.pg.routines,JsContext,5,30,0,0,2,8,1,3,1,3
Overall Coverage/jooq-pg,org.ehrbase.jooq.pg.routines,JsContribution,54,0,0,0,16,0,6,0,6,0
Overall Coverage/jooq-pg,org.ehrbase.jooq.pg.routines,NextSysTenant,16,0,0,0,4,0,2,0,2,0
Overall Coverage/jooq-pg,org.ehrbase.jooq.pg.routines,JsTermMappings,38,0,0,0,10,0,4,0,4,0
Overall Coverage/jooq-pg,org.ehrbase.jooq.pg.routines,JsPartySelf,35,0,0,0,10,0,4,0,4,0
Overall Coverage/jooq-pg,org.ehrbase.jooq.pg.routines,JsDvCodedTextInner1,5,34,0,0,2,9,1,3,1,3
Overall Coverage/jooq-pg,org.ehrbase.jooq.pg.routines,JsDvCodedTextInner2,76,0,0,0,23,0,8,0,8,0
Overall Coverage/jooq-pg,org.ehrbase.jooq.pg.routines,AdminDeleteAllTemplates,16,0,0,0,4,0,2,0,2,0
Overall Coverage/jooq-pg,org.ehrbase.jooq.pg.routines,JsComposition2,10,47,0,0,4,13,2,4,2,4
Overall Coverage/jooq-pg,org.ehrbase.jooq.pg.routines,JsComposition1,38,0,0,0,11,0,4,0,4,0
Overall Coverage/jooq-pg,org.ehrbase.jooq.pg.routines,JsonbExtractPath,55,0,0,0,16,0,6,0,6,0
Overall Coverage/jooq-pg,org.ehrbase.jooq.pg.routines,CompositionUid,54,0,0,0,16,0,6,0,6,0
Overall Coverage/jooq-pg,org.ehrbase.jooq.pg.routines,JsDvText,35,0,0,0,10,0,4,0,4,0
Overall Coverage/jooq-pg,org.ehrbase.jooq.pg.tables.records,AttestedViewRecord,365,0,0,0,119,0,72,0,72,0
Overall Coverage/jooq-pg,org.ehrbase.jooq.pg.tables.records,EhrFolderHistoryRecord,582,0,0,0,189,0,114,0,114,0
Overall Coverage/jooq-pg,org.ehrbase.jooq.pg.tables.records,AdminGetLinkedContributionsRecord,82,0,0,0,28,0,17,0,17,0
Overall Coverage/jooq-pg,org.ehrbase.jooq.pg.tables.records,AdminDeleteCompositionRecord,175,0,0,0,58,0,35,0,35,0
Overall Coverage/jooq-pg,org.ehrbase.jooq.pg.tables.records,EntryHistoryRecord,454,0,0,0,148,0,89,0,89,0
Overall Coverage/jooq-pg,org.ehrbase.jooq.pg.tables.records,HeadingRecord,148,0,0,0,49,0,30,0,30,0
Overall Coverage/jooq-pg,org.ehrbase.jooq.pg.tables.records,AccessRecord,148,0,0,0,49,0,30,0,30,0
Overall Coverage/jooq-pg,org.ehrbase.jooq.pg.tables.records,AttestationRecord,241,0,0,0,79,0,48,0,48,0
Overall Coverage/jooq-pg,org.ehrbase.jooq.pg.tables.records,XjsonbArrayElementsRecord,51,0,0,0,18,0,11,0,11,0
Overall Coverage/jooq-pg,org.ehrbase.jooq.pg.tables.records,IdentifierRecord,162,44,0,0,55,13,32,9,32,9
Overall Coverage/jooq-pg,org.ehrbase.jooq.pg.tables.records,EhrFolderRecord,520,0,0,0,169,0,102,0,102,0
Overall Coverage/jooq-pg,org.ehrbase.jooq.pg.tables.records,AdminDeleteEhrRecord,113,0,0,0,38,0,23,0,23,0
Overall Coverage/jooq-pg,org.ehrbase.jooq.pg.tables.records,AdminDeleteEventContextForCompoRecord,82,0,0,0,28,0,17,0,17,0
Overall Coverage/jooq-pg,org.ehrbase.jooq.pg.tables.records,EhrStatusRecord,361,0,0,0,118,0,71,0,71,0
Overall Coverage/jooq-pg,org.ehrbase.jooq.pg.tables.records,AttestationRefRecord,86,0,0,0,29,0,18,0,18,0
Overall Coverage/jooq-pg,org.ehrbase.jooq.pg.tables.records,SessionLogRecord,272,0,0,0,89,0,54,0,54,0
Overall Coverage/jooq-pg,org.ehrbase.jooq.pg.tables.records,CompositionHistoryRecord,485,0,0,0,158,0,95,0,95,0
Overall Coverage/jooq-pg,org.ehrbase.jooq.pg.tables.records,AuditDetailsRecord,272,0,0,0,89,0,54,0,54,0
Overall Coverage/jooq-pg,org.ehrbase.jooq.pg.tables.records,FlywaySchemaHistoryRecord,334,0,0,0,109,0,66,0,66,0
Overall Coverage/jooq-pg,org.ehrbase.jooq.pg.tables.records,PluginRecord,148,0,0,0,49,0,30,0,30,0
Overall Coverage/jooq-pg,org.ehrbase.jooq.pg.tables.records,CompoXrefRecord,144,0,0,0,48,0,29,0,29,0
Overall Coverage/jooq-pg,org.ehrbase.jooq.pg.tables.records,AdminGetLinkedCompositionsRecord,51,0,0,0,18,0,11,0,11,0
Overall Coverage/jooq-pg,org.ehrbase.jooq.pg.tables.records,UsersRecord,117,0,0,0,39,0,24,0,24,0
Overall Coverage/jooq-pg,org.ehrbase.jooq.pg.tables.records,EventContextRecord,423,4,0,0,137,2,83,1,83,1
Overall Coverage/jooq-pg,org.ehrbase.jooq.pg.tables.records,TenantRecord,148,0,0,0,49,0,30,0,30,0
Overall Coverage/jooq-pg,org.ehrbase.jooq.pg.tables.records,LanguageRecord,86,0,0,0,29,0,18,0,18,0
Overall Coverage/jooq-pg,org.ehrbase.jooq.pg.tables.records,AdminDeleteAttestationRecord,51,0,0,0,18,0,11,0,11,0
Overall Coverage/jooq-pg,org.ehrbase.jooq.pg.tables.records,TerritoryRecord,148,0,0,0,49,0,30,0,30,0
Overall Coverage/jooq-pg,org.ehrbase.jooq.pg.tables.records,AdminGetLinkedCompositionsForContribRecord,51,0,0,0,18,0,11,0,11,0
Overall Coverage/jooq-pg,org.ehrbase.jooq.pg.tables.records,ParticipationRecord,396,0,0,0,129,0,78,0,78,0
Overall Coverage/jooq-pg,org.ehrbase.jooq.pg.tables.records,TemplateStoreRecord,179,0,0,0,59,0,36,0,36,0
Overall Coverage/jooq-pg,org.ehrbase.jooq.pg.tables.records,StoredQueryRecord,202,39,0,0,69,10,40,8,40,8
Overall Coverage/jooq-pg,org.ehrbase.jooq.pg.tables.records,AdminDeleteContributionRecord,82,0,0,0,28,0,17,0,17,0
Overall Coverage/jooq-pg,org.ehrbase.jooq.pg.tables.records,AdminDeleteCompositionHistoryRecord,51,0,0,0,18,0,11,0,11,0
Overall Coverage/jooq-pg,org.ehrbase.jooq.pg.tables.records,AdminDeleteStatusHistoryRecord,51,0,0,0,18,0,11,0,11,0
Overall Coverage/jooq-pg,org.ehrbase.jooq.pg.tables.records,AdminGetLinkedStatusForContribRecord,51,0,0,0,18,0,11,0,11,0
Overall Coverage/jooq-pg,org.ehrbase.jooq.pg.tables.records,ParticipationHistoryRecord,392,0,0,0,128,0,77,0,77,0
Overall Coverage/jooq-pg,org.ehrbase.jooq.pg.tables.records,StatusRecord,458,0,0,0,149,0,90,0,90,0
Overall Coverage/jooq-pg,org.ehrbase.jooq.pg.tables.records,PartyIdentifiedRecord,270,64,0,0,90,19,53,13,53,13
Overall Coverage/jooq-pg,org.ehrbase.jooq.pg.tables.records,ContributionRecord,241,0,0,0,79,0,48,0,48,0
Overall Coverage/jooq-pg,org.ehrbase.jooq.pg.tables.records,EntryRecord,458,0,0,0,149,0,90,0,90,0
Overall Coverage/jooq-pg,org.ehrbase.jooq.pg.tables.records,AdminDeleteStatusRecord,113,0,0,0,38,0,23,0,23,0
Overall Coverage/jooq-pg,org.ehrbase.jooq.pg.tables.records,CompositionRecord,489,0,0,0,159,0,96,0,96,0
Overall Coverage/jooq-pg,org.ehrbase.jooq.pg.tables.records,CompExpandRecord,348,0,0,0,109,0,54,0,54,0
Overall Coverage/jooq-pg,org.ehrbase.jooq.pg.tables.records,AdminDeleteEhrFullRecord,51,0,0,0,18,0,11,0,11,0
Overall Coverage/jooq-pg,org.ehrbase.jooq.pg.tables.records,TerminologyProviderRecord,148,0,0,0,49,0,30,0,30,0
Overall Coverage/jooq-pg,org.ehrbase.jooq.pg.tables.records,AdminDeleteAuditRecord,82,0,0,0,28,0,17,0,17,0
Overall Coverage/jooq-pg,org.ehrbase.jooq.pg.tables.records,EhrRecord,210,0,0,0,69,0,42,0,42,0
Overall Coverage/jooq-pg,org.ehrbase.jooq.pg.tables.records,ConceptRecord,148,0,0,0,49,0,30,0,30,0
Overall Coverage/jooq-pg,org.ehrbase.jooq.pg.tables.records,SystemRecord,117,0,0,0,39,0,24,0,24,0
Overall Coverage/jooq-pg,org.ehrbase.jooq.pg.tables.records,AdminGetTemplateUsageRecord,51,0,0,0,18,0,11,0,11,0
Overall Coverage/jooq-pg,org.ehrbase.jooq.pg.tables.records,PartyUsageIdentificationRecord,82,0,0,0,28,0,17,0,17,0
Overall Coverage/jooq-pg,org.ehrbase.jooq.pg.tables.records,JsonbArrayElementsRecord,51,0,0,0,18,0,11,0,11,0
Overall Coverage/jooq-pg,org.ehrbase.jooq.pg.tables.records,EventContextHistoryRecord,423,0,0,0,138,0,83,0,83,0
Overall Coverage/jooq-pg,org.ehrbase.jooq.pg.tables.records,AdminDeleteEhrHistoryRecord,51,0,0,0,18,0,11,0,11,0
Overall Coverage/jooq-pg,org.ehrbase.jooq.pg.tables.records,AdminDeleteTenantFullRecord,51,0,0,0,18,0,11,0,11,0
Overall Coverage/jooq-pg,org.ehrbase.jooq.pg.tables.records,StatusHistoryRecord,454,0,0,0,148,0,89,0,89,0
Overall Coverage/jooq-pg,org.ehrbase.jooq.dbencoding.attributes.datavalues.datetime.date,DvDateYYYYMMImp,6,9,0,0,1,3,1,2,1,2
Overall Coverage/jooq-pg,org.ehrbase.jooq.dbencoding.attributes.datavalues.datetime.date,DvDateYYYYMMDDImp,0,13,0,0,0,5,0,3,0,3
Overall Coverage/jooq-pg,org.ehrbase.jooq.dbencoding.attributes.datavalues.datetime.date,DvDateAttributes,25,76,6,6,6,18,7,10,2,9
Overall Coverage/jooq-pg,org.ehrbase.jooq.dbencoding.attributes.datavalues.datetime.date,DvDateYYYYImp,17,0,0,0,5,0,4,0,4,0
Overall Coverage/jooq-pg,org.ehrbase.jooq.dbencoding.attributes.datavalues.datetime.date,DvDateAttributesImp,19,51,2,6,3,9,4,9,2,7
Overall Coverage/jooq-pg,org.ehrbase.jooq.dbencoding.rawjson,LightRawJsonEncoder,37,197,7,27,5,43,8,16,1,6
Overall Coverage/jooq-pg,org.ehrbase.jooq.binding,SysPeriodBinder.new Converter() {...},97,10,14,0,24,3,9,3,2,3
Overall Coverage/jooq-pg,org.ehrbase.jooq.binding,OtherDetailsJsonbBinder,78,8,2,0,16,2,8,2,7,2
Overall Coverage/jooq-pg,org.ehrbase.jooq.binding,OtherDetailsJsonbBinder.new Converter() {...},33,10,0,0,7,3,4,3,4,3
Overall Coverage/jooq-pg,org.ehrbase.jooq.binding,SysPeriodBinder,75,12,2,0,16,3,8,3,7,3
Overall Coverage/jooq-pg,org.ehrbase.jooq.pg.udt.records,CodePhraseRecord,44,36,0,0,15,13,11,6,11,6
Overall Coverage/jooq-pg,org.ehrbase.jooq.pg.udt.records,DvCodedTextRecord,117,83,0,0,40,28,28,13,28,13
Overall Coverage/jooq-pg,org.ehrbase.jooq.pg.tables,Status,349,207,12,2,36,24,27,8,21,7
Overall Coverage/jooq-pg,org.ehrbase.jooq.pg.tables,PartyIdentified,209,156,2,2,19,21,15,9,14,8
Overall Coverage/jooq-pg,org.ehrbase.jooq.pg.tables,AdminDeleteAttestation,135,42,6,0,21,9,18,4,15,4
Overall Coverage/jooq-pg,org.ehrbase.jooq.pg.tables,AdminGetTemplateUsage,135,42,6,0,21,9,18,4,15,4
Overall Coverage/jooq-pg,org.ehrbase.jooq.pg.tables,System,119,69,2,0,18,11,16,5,15,5
Overall Coverage/jooq-pg,org.ehrbase.jooq.pg.tables,CompExpand,277,239,2,0,14,33,12,4,11,4
Overall Coverage/jooq-pg,org.ehrbase.jooq.pg.tables,AdminDeleteStatusHistory,135,42,6,0,21,9,18,4,15,4
Overall Coverage/jooq-pg,org.ehrbase.jooq.pg.tables,Territory,133,65,2,0,19,11,17,4,16,4
Overall Coverage/jooq-pg,org.ehrbase.jooq.pg.tables,AttestedView,231,129,6,0,26,18,22,4,19,4
Overall Coverage/jooq-pg,org.ehrbase.jooq.pg.tables,Tenant,134,66,2,0,19,11,17,4,16,4
Overall Coverage/jooq-pg,org.ehrbase.jooq.pg.tables,AdminDeleteEhr,135,58,6,0,21,11,18,4,15,4
Overall Coverage/jooq-pg,org.ehrbase.jooq.pg.tables,StatusHistory,259,172,4,0,22,21,19,4,17,4
Overall Coverage/jooq-pg,org.ehrbase.jooq.pg.tables,EhrFolderHistory,334,206,10,0,31,25,25,4,20,4
Overall Coverage/jooq-pg,org.ehrbase.jooq.pg.tables,AdminGetLinkedContributions,135,50,6,0,21,10,18,4,15,4
Overall Coverage/jooq-pg,org.ehrbase.jooq.pg.tables,Entry,278,178,5,1,26,22,22,5,19,5
Overall Coverage/jooq-pg,org.ehrbase.jooq.pg.tables,Attestation,220,101,8,0,29,14,24,4,20,4
Overall Coverage/jooq-pg,org.ehrbase.jooq.pg.tables,TerminologyProvider,147,70,4,0,22,11,19,4,17,4
Overall Coverage/jooq-pg,org.ehrbase.jooq.pg.tables,ParticipationHistory,232,145,4,0,22,19,19,4,17,4
Overall Coverage/jooq-pg,org.ehrbase.jooq.pg.tables,EventContext,275,170,7,1,26,23,21,7,17,7
Overall Coverage/jooq-pg,org.ehrbase.jooq.pg.tables,Language,104,48,2,0,18,9,16,4,15,4
Overall Coverage/jooq-pg,org.ehrbase.jooq.pg.tables,AdminGetLinkedStatusForContrib,135,42,6,0,21,9,18,4,15,4
Overall Coverage/jooq-pg,org.ehrbase.jooq.pg.tables,Ehr,188,113,6,2,25,16,19,8,16,7
Overall Coverage/jooq-pg,org.ehrbase.jooq.pg.tables,AdminDeleteEventContextForCompo,135,50,6,0,21,10,18,4,15,4
Overall Coverage/jooq-pg,org.ehrbase.jooq.pg.tables,EhrFolder,315,187,10,0,31,23,25,4,20,4
Overall Coverage/jooq-pg,org.ehrbase.jooq.pg.tables,AdminDeleteStatus,135,58,6,0,21,11,18,4,15,4
Overall Coverage/jooq-pg,org.ehrbase.jooq.pg.tables,EhrStatus,169,116,2,0,17,18,15,4,14,4
Overall Coverage/jooq-pg,org.ehrbase.jooq.pg.tables,EventContextHistory,239,152,4,0,22,20,19,4,17,4
Overall Coverage/jooq-pg,org.ehrbase.jooq.pg.tables,EntryHistory,246,159,4,0,22,21,19,4,17,4
Overall Coverage/jooq-pg,org.ehrbase.jooq.pg.tables,AdminGetLinkedCompositionsForContrib,135,42,6,0,21,9,18,4,15,4
Overall Coverage/jooq-pg,org.ehrbase.jooq.pg.tables,AdminDeleteContribution,135,50,6,0,21,10,18,4,15,4
Overall Coverage/jooq-pg,org.ehrbase.jooq.pg.tables,Identifier,182,86,6,0,24,14,20,5,17,5
Overall Coverage/jooq-pg,org.ehrbase.jooq.pg.tables,XjsonbArrayElements,135,42,6,0,20,9,18,4,15,4
Overall Coverage/jooq-pg,org.ehrbase.jooq.pg.tables,Composition,373,201,16,2,41,25,30,8,22,7
Overall Coverage/jooq-pg,org.ehrbase.jooq.pg.tables,AdminDeleteEhrHistory,135,42,6,0,21,9,18,4,15,4
Overall Coverage/jooq-pg,org.ehrbase.jooq.pg.tables,CompositionHistory,248,171,3,1,21,23,18,5,16,5
Overall Coverage/jooq-pg,org.ehrbase.jooq.pg.tables,AdminDeleteTenantFull,135,42,6,0,21,9,18,4,15,4
Overall Coverage/jooq-pg,org.ehrbase.jooq.pg.tables,PartyUsageIdentification,135,50,6,0,21,10,18,4,15,4
Overall Coverage/jooq-pg,org.ehrbase.jooq.pg.tables,Plugin,126,70,2,0,18,11,16,4,15,4
Overall Coverage/jooq-pg,org.ehrbase.jooq.pg.tables,Access,150,73,4,0,22,11,19,4,17,4
Overall Coverage/jooq-pg,org.ehrbase.jooq.pg.tables,JsonbArrayElements,135,42,6,0,21,9,18,4,15,4
Overall Coverage/jooq-pg,org.ehrbase.jooq.pg.tables,CompoXref,188,67,8,0,28,11,23,4,19,4
Overall Coverage/jooq-pg,org.ehrbase.jooq.pg.tables,AdminDeleteAudit,135,50,6,0,21,10,18,4,15,4
Overall Coverage/jooq-pg,org.ehrbase.jooq.pg.tables,AdminDeleteCompositionHistory,135,42,6,0,21,9,18,4,15,4
Overall Coverage/jooq-pg,org.ehrbase.jooq.pg.tables,AdminGetLinkedCompositions,135,42,6,0,21,9,18,4,15,4
Overall Coverage/jooq-pg,org.ehrbase.jooq.pg.tables,AdminDeleteComposition,135,74,6,0,21,13,18,4,15,4
Overall Coverage/jooq-pg,org.ehrbase.jooq.pg.tables,Contribution,220,101,8,0,29,14,24,4,20,4
Overall Coverage/jooq-pg,org.ehrbase.jooq.pg.tables,Participation,271,152,8,0,29,19,24,4,20,4
Overall Coverage/jooq-pg,org.ehrbase.jooq.pg.tables,Concept,152,67,4,0,23,11,20,4,18,4
Overall Coverage/jooq-pg,org.ehrbase.jooq.pg.tables,SessionLog,185,108,4,0,22,15,19,4,17,4
Overall Coverage/jooq-pg,org.ehrbase.jooq.pg.tables,AdminDeleteEhrFull,135,42,6,0,21,9,18,4,15,4
Overall Coverage/jooq-pg,org.ehrbase.jooq.pg.tables,FlywaySchemaHistory,198,134,2,0,19,17,17,4,16,4
Overall Coverage/jooq-pg,org.ehrbase.jooq.pg.tables,Heading,146,69,4,0,22,11,19,4,17,4
Overall Coverage/jooq-pg,org.ehrbase.jooq.pg.tables,TemplateStore,158,81,4,0,22,12,19,4,17,4
Overall Coverage/jooq-pg,org.ehrbase.jooq.pg.tables,AuditDetails,232,121,8,0,28,15,23,4,19,4
Overall Coverage/jooq-pg,org.ehrbase.jooq.pg.tables,Users,156,62,6,0,25,10,21,4,18,4
Overall Coverage/jooq-pg,org.ehrbase.jooq.pg.tables,StoredQuery,209,127,3,1,22,18,16,8,14,8
Overall Coverage/jooq-pg,org.ehrbase.jooq.pg.tables,AttestationRef,134,57,4,0,22,9,19,4,17,4
Overall Coverage/jooq-pg,org.ehrbase.jooq.dbencoding.rmobject,TemporalEncoding,13,0,0,0,4,0,2,0,2,0
Overall Coverage/jooq-pg,org.ehrbase.jooq.dbencoding.rmobject,LinksEncoding,5,23,0,0,2,8,0,3,0,3
Overall Coverage/jooq-pg,org.ehrbase.jooq.dbencoding.rmobject,FeederAuditEncoding,0,19,0,0,0,4,0,3,0,3
Overall Coverage/jooq-pg,org.ehrbase.jooq.dbencoding.rmobject,RMObjectEncoding,9,28,0,0,2,6,1,3,1,3
Overall Coverage/jooq-pg,org.ehrbase.jooq.dbencoding.wrappers.json.writer.translator_db2raw,OptOut,0,21,0,0,0,5,0,2,0,2
Overall Coverage/jooq-pg,org.ehrbase.jooq.dbencoding.wrappers.json.writer.translator_db2raw,ElementType,0,41,0,4,0,10,0,4,0,2
Overall Coverage/jooq-pg,org.ehrbase.jooq.dbencoding.wrappers.json.writer.translator_db2raw,ArrayChildren,26,22,7,3,7,6,5,3,1,2
Overall Coverage/jooq-pg,org.ehrbase.jooq.dbencoding.wrappers.json.writer.translator_db2raw,IterativeItemStructure,0,81,0,8,0,13,0,6,0,2
Overall Coverage/jooq-pg,org.ehrbase.jooq.dbencoding.wrappers.json.writer.translator_db2raw,ArrayClosure,0,38,1,3,0,11,1,4,0,3
Overall Coverage/jooq-pg,org.ehrbase.jooq.dbencoding.wrappers.json.writer.translator_db2raw,CompositionRoot,2,36,1,1,0,7,1,2,0,2
Overall Coverage/jooq-pg,org.ehrbase.jooq.dbencoding.wrappers.json.writer.translator_db2raw,DvCodedTextNameValue,1,126,2,6,0,27,2,4,0,2
Overall Coverage/jooq-pg,org.ehrbase.jooq.dbencoding.wrappers.json.writer.translator_db2raw,ValueArrayList,22,78,4,9,3,17,4,5,0,2
Overall Coverage/jooq-pg,org.ehrbase.jooq.dbencoding.wrappers.json.writer.translator_db2raw,EmbeddedValue,0,89,2,8,0,13,2,6,0,3
Overall Coverage/jooq-pg,org.ehrbase.jooq.dbencoding.wrappers.json.writer.translator_db2raw,Children,106,362,21,61,25,78,16,46,5,16
Overall Coverage/jooq-pg,org.ehrbase.jooq.dbencoding.wrappers.json.writer.translator_db2raw,DvTextNameValue,10,48,2,2,4,11,3,2,1,2
Overall Coverage/jooq-pg,org.ehrbase.jooq.dbencoding.wrappers.json.writer.translator_db2raw,ArchetypeNodeId,44,0,6,0,9,0,5,0,2,0
Overall Coverage/jooq-pg,org.ehrbase.jooq.dbencoding.wrappers.json.writer.translator_db2raw,GenericRmType,19,82,5,9,3,15,5,7,1,4
Overall Coverage/jooq-pg,org.ehrbase.jooq.dbencoding.wrappers.json.writer.translator_db2raw,ArchieCompositionProlog,2,67,1,1,0,22,1,2,0,2
Overall Coverage/jooq-pg,org.ehrbase.jooq.dbencoding.wrappers.json.writer.translator_db2raw,LinkedTreeMapAdapter,169,1007,33,143,33,213,30,74,2,13
Overall Coverage/jooq-pg,org.ehrbase.jooq.dbencoding.wrappers.json.writer.translator_db2raw,RawJsonArchetypeNodeId,30,0,2,0,7,0,3,0,2,0
Overall Coverage/jooq-pg,org.ehrbase.jooq.dbencoding.wrappers.json.writer.translator_db2raw,ArrayListAdapter,17,33,1,3,4,11,3,3,2,2
Overall Coverage/jooq-pg,org.ehrbase.jooq.dbencoding.wrappers.json.writer.translator_db2raw,NameValue,18,18,1,1,4,6,2,2,1,2
Overall Coverage/jooq-pg,org.ehrbase.jooq.dbencoding.wrappers.json.writer.translator_db2raw,DomainStructure,46,0,6,0,10,0,6,0,3,0
Overall Coverage/jooq-pg,org.ehrbase.jooq.dbencoding.wrappers.json.writer.translator_db2raw,RawJsonKey,0,35,0,4,0,8,0,4,0,2
Overall Coverage/jooq-pg,org.ehrbase.jooq.dbencoding.wrappers.json.writer.translator_db2raw,ArrayListPeek,56,0,10,0,13,0,7,0,2,0
Overall Coverage/jooq-pg,org.ehrbase.jooq.dbencoding.wrappers.json.writer.translator_db2raw,Siblings,61,0,10,0,15,0,8,0,3,0
Overall Coverage/jooq-pg,org.ehrbase.jooq.dbencoding.wrappers.json.writer.translator_db2raw,NodeId,0,55,1,7,0,8,1,5,0,2
Overall Coverage/jooq-pg,org.ehrbase.jooq.dbencoding.attributes.datavalues.datetime.time,DvTimeAttributesImp,6,81,2,10,1,13,3,14,1,10
Overall Coverage/jooq-pg,org.ehrbase.jooq.dbencoding.attributes.datavalues.datetime.time,DvTimeAttributes,44,112,4,8,12,33,4,16,1,13
Overall Coverage/jooq-pg,org.ehrbase.jooq.dbencoding.attributes.datavalues.datetime.time,DvTimehhmmImp,14,9,2,0,2,3,2,2,1,2
Overall Coverage/jooq-pg,org.ehrbase.jooq.dbencoding.attributes.datavalues.datetime.time,PartialTime,12,42,3,3,2,8,3,4,1,3
Overall Coverage/jooq-pg,org.ehrbase.jooq.dbencoding.attributes.datavalues.datetime.time,StandardPartialTime,10,30,3,5,1,5,3,6,1,4
Overall Coverage/jooq-pg,org.ehrbase.jooq.dbencoding.attributes.datavalues.datetime.time,DvTimehhmmssImp,0,14,0,0,0,4,0,3,0,3
Overall Coverage/jooq-pg,org.ehrbase.jooq.dbencoding.attributes.datavalues.datetime.time,DvTimehhmmssfffImp,5,9,0,0,1,3,1,2,1,2
Overall Coverage/jooq-pg,org.ehrbase.jooq.dbencoding.attributes.datavalues.datetime.time,DvTimehhImp,28,0,2,0,6,0,4,0,3,0
Overall Coverage/rest-openehr,org.ehrbase.rest.util,InternalResponse,23,0,0,0,10,0,5,0,5,0
Overall Coverage/rest-openehr,org.ehrbase.rest.util,AuthHelper,152,28,19,3,36,8,17,1,6,1
Overall Coverage/rest-openehr,org.ehrbase.rest,StatusController,45,0,0,0,11,0,2,0,2,0
Overall Coverage/rest-openehr,org.ehrbase.rest,RestModuleConfiguration,10,0,0,0,3,0,2,0,2,0
Overall Coverage/rest-openehr,org.ehrbase.rest,BaseController,227,0,18,0,61,0,29,0,20,0
Overall Coverage/rest-openehr,org.ehrbase.rest,RestModuleConfiguration.HttpRequestSupplierInterceptor,46,0,0,0,15,0,6,0,6,0
Overall Coverage/rest-openehr,org.ehrbase.rest,DefaultExceptionHandler,172,0,8,0,26,0,16,0,12,0
Overall Coverage/rest-openehr,org.ehrbase.rest.openehr,OpenehrContributionController,408,0,20,0,75,0,25,0,14,0
Overall Coverage/rest-openehr,org.ehrbase.rest.openehr,RequestAwareAuditResultMapHolder,25,0,2,0,9,0,4,0,3,0
Overall Coverage/rest-openehr,org.ehrbase.rest.openehr,OpenehrDirectoryController,374,0,25,0,79,0,25,0,12,0
Overall Coverage/rest-openehr,org.ehrbase.rest.openehr,OpenehrCompositionController,864,0,38,0,168,0,48,0,28,0
Overall Coverage/rest-openehr,org.ehrbase.rest.openehr,OpenehrDefinitionQueryController,315,0,12,0,64,0,15,0,9,0
Overall Coverage/rest-openehr,org.ehrbase.rest.openehr,OpenehrQueryController,452,0,24,0,96,0,29,0,17,0
Overall Coverage/rest-openehr,org.ehrbase.rest.openehr,OpenehrEhrStatusController,463,0,21,0,91,0,24,0,12,0
Overall Coverage/rest-openehr,org.ehrbase.rest.openehr,OpenehrEhrController,400,0,23,0,80,0,28,0,15,0
Overall Coverage/rest-openehr,org.ehrbase.rest.openehr,OpenehrVersionedCompositionController,430,0,12,0,84,0,19,0,13,0
Overall Coverage/rest-openehr,org.ehrbase.rest.openehr,OpenehrVersionedEhrStatusController,341,0,12,0,70,0,18,0,12,0
Overall Coverage/rest-openehr,org.ehrbase.rest.openehr,OpenehrTemplateController,514,0,24,0,105,0,32,0,19,0
Overall Coverage/rest-openehr,org.ehrbase.rest.admin,AdminEhrController,104,0,4,0,17,0,7,0,5,0
Overall Coverage/rest-openehr,org.ehrbase.rest.admin,AdminApiConfiguration,17,0,0,0,7,0,5,0,5,0
Overall Coverage/rest-openehr,org.ehrbase.rest.admin,AdminController,10,0,0,0,3,0,2,0,2,0
Overall Coverage/rest-openehr,org.ehrbase.rest.admin,AdminDirectoryController,62,0,0,0,16,0,3,0,3,0
Overall Coverage/rest-openehr,org.ehrbase.rest.admin,AdminContributionController,118,0,4,0,27,0,6,0,4,0
Overall Coverage/rest-openehr,org.ehrbase.rest.admin,AdminTemplateController,66,0,4,0,14,0,6,0,4,0
Overall Coverage/rest-openehr,org.ehrbase.rest.admin,AdminCompositionController,75,0,2,0,18,0,3,0,2,0
Overall Coverage/rest-ehr-scape,org.ehrbase.rest.ehrscape,EhrScapeExceptionHandler,162,0,8,0,25,0,15,0,11,0
Overall Coverage/rest-ehr-scape,org.ehrbase.rest.ehrscape,RestEHRScapeModuleConfiguration,3,0,0,0,1,0,1,0,1,0
Overall Coverage/rest-ehr-scape,org.ehrbase.rest.ehrscape.responsedata,RestHref,10,0,0,0,4,0,3,0,3,0
Overall Coverage/rest-ehr-scape,org.ehrbase.rest.ehrscape.responsedata,TemplateExampleResponseData,10,0,0,0,4,0,3,0,3,0
Overall Coverage/rest-ehr-scape,org.ehrbase.rest.ehrscape.responsedata,Meta,24,0,0,0,10,0,7,0,7,0
Overall Coverage/rest-ehr-scape,org.ehrbase.rest.ehrscape.responsedata,EhrResponseData,17,0,0,0,7,0,5,0,5,0
Overall Coverage/rest-ehr-scape,org.ehrbase.rest.ehrscape.responsedata,TemplateResponseData,10,0,0,0,4,0,3,0,3,0
Overall Coverage/rest-ehr-scape,org.ehrbase.rest.ehrscape.responsedata,CompositionWriteRestResponseData,10,0,0,0,4,0,3,0,3,0
Overall Coverage/rest-ehr-scape,org.ehrbase.rest.ehrscape.responsedata,Action,0,57,0,0,0,10,0,1,0,1
Overall Coverage/rest-ehr-scape,org.ehrbase.rest.ehrscape.responsedata,CompositionResponseData,16,22,0,0,8,8,4,7,4,7
Overall Coverage/rest-ehr-scape,org.ehrbase.rest.ehrscape.responsedata,QueryResponseData,36,0,0,0,14,0,7,0,7,0
Overall Coverage/rest-ehr-scape,org.ehrbase.rest.ehrscape.responsedata,TemplatesResponseData,10,0,0,0,4,0,3,0,3,0
Overall Coverage/rest-ehr-scape,org.ehrbase.rest.ehrscape.responsedata,ActionRestResponseData,8,9,0,0,4,3,2,3,2,3
Overall Coverage/rest-ehr-scape,org.ehrbase.rest.ehrscape.controller,TemplateController,167,0,8,0,34,0,9,0,5,0
Overall Coverage/rest-ehr-scape,org.ehrbase.rest.ehrscape.controller,CompositionController,390,0,26,0,86,0,27,0,14,0
Overall Coverage/rest-ehr-scape,org.ehrbase.rest.ehrscape.controller,EhrController,389,0,22,0,74,0,26,0,15,0
Overall Coverage/rest-ehr-scape,org.ehrbase.rest.ehrscape.controller,QueryController,88,0,6,0,19,0,6,0,3,0
Overall Coverage/rest-ehr-scape,org.ehrbase.rest.ehrscape.controller,BaseController,45,0,2,0,14,0,5,0,4,0
Overall Coverage/service,org.ehrbase.tenant,DefaultTenantAuthentication,90,0,0,0,23,0,10,0,10,0
Overall Coverage/service,org.ehrbase.tenant,TokenSupport,23,0,0,0,4,0,2,0,2,0
Overall Coverage/service,org.ehrbase.tenant,DefaultTenantAspect,185,0,18,0,47,0,20,0,11,0
Overall Coverage/service,org.ehrbase.dao.access.jooq,DatabaseStatusAccess,14,0,0,0,4,0,3,0,3,0
Overall Coverage/service,org.ehrbase.dao.access.jooq,CompoXRefAccess,71,0,0,0,22,0,6,0,6,0
Overall Coverage/service,org.ehrbase.dao.access.jooq,ConceptAccess,30,0,0,0,9,0,2,0,2,0
Overall Coverage/service,org.ehrbase.dao.access.jooq,TemplateStoreAccess,333,0,14,0,81,0,27,0,20,0
Overall Coverage/service,org.ehrbase.dao.access.jooq,CompositionAccess,1644,140,88,6,420,41,107,6,63,3
Overall Coverage/service,org.ehrbase.dao.access.jooq,TenantAccess,258,0,16,0,50,0,28,0,20,0
Overall Coverage/service,org.ehrbase.dao.access.jooq,AuditDetailsAccess,369,0,30,0,89,0,43,0,28,0
Overall Coverage/service,org.ehrbase.dao.access.jooq,AqlQueryHandler,198,0,14,0,49,0,17,0,10,0
Overall Coverage/service,org.ehrbase.dao.access.jooq,AttestationAccess,167,0,4,0,43,0,15,0,13,0
Overall Coverage/service,org.ehrbase.dao.access.jooq,ContributionAccess,740,0,64,0,182,0,83,0,51,0
Overall Coverage/service,org.ehrbase.dao.access.jooq,AdminApiUtils,136,0,12,0,28,0,14,0,8,0
Overall Coverage/service,org.ehrbase.dao.access.jooq,ContextAccess,1227,0,76,0,263,0,65,0,27,0
Overall Coverage/service,org.ehrbase.dao.access.jooq,StatusHistoryAccess,101,0,2,0,26,0,14,0,13,0
Overall Coverage/service,org.ehrbase.dao.access.jooq,SystemAccess,177,0,12,0,43,0,23,0,17,0
Overall Coverage/service,org.ehrbase.dao.access.jooq,EhrAccess,1423,0,74,0,348,0,94,0,57,0
Overall Coverage/service,org.ehrbase.dao.access.jooq,EventContextFactory,99,0,0,0,12,0,3,0,3,0
Overall Coverage/service,org.ehrbase.dao.access.jooq,EhrAccess.PARTY_MODE,24,0,0,0,3,0,1,0,1,0
Overall Coverage/service,org.ehrbase.dao.access.jooq,CompositionHistoryAccess,215,0,18,0,55,0,28,0,19,0
Overall Coverage/service,org.ehrbase.dao.access.jooq,TenantAccess.new Tenant() {...},24,0,0,0,4,0,4,0,4,0
Overall Coverage/service,org.ehrbase.dao.access.jooq,StatusAccess,1235,0,84,0,299,0,88,0,46,0
Overall Coverage/service,org.ehrbase.dao.access.jooq,StoredQueryAccess,247,180,19,5,60,35,23,12,11,12
Overall Coverage/service,org.ehrbase.dao.access.jooq,EntryAccess,1011,0,49,0,252,0,67,0,38,0
Overall Coverage/service,org.ehrbase.dao.access.jooq,SystemValue,289,0,2,0,42,0,5,0,4,0
Overall Coverage/service,org.ehrbase.aql.sql.queryimpl.attribute.eventcontext,ContextSetup,13,0,0,0,5,0,3,0,3,0
Overall Coverage/service,org.ehrbase.aql.sql.queryimpl.attribute.eventcontext,EventContextResolver,163,50,13,8,36,13,13,2,0,2
Overall Coverage/service,org.ehrbase.aql.sql.queryimpl.attribute.eventcontext,OtherContextPredicate,2,52,1,5,0,10,1,4,0,2
Overall Coverage/service,org.ehrbase.aql.sql.queryimpl.attribute.eventcontext,EventContextAttribute,0,11,0,0,0,4,0,1,0,1
Overall Coverage/service,org.ehrbase.aql.sql.queryimpl.attribute.eventcontext,ContextOtherContext,44,0,2,0,11,0,4,0,3,0
Overall Coverage/service,org.ehrbase.aql.sql.queryimpl.attribute.eventcontext,SimpleEventContextAttribute,26,5,2,0,6,2,3,1,2,1
Overall Coverage/service,org.ehrbase.aql.sql.queryimpl.attribute.eventcontext,EventContextJson,71,0,8,0,16,0,8,0,4,0
Overall Coverage/service,org.ehrbase.aql.compiler.recovery,RecoverArchetypeId,50,0,8,0,11,0,7,0,3,0
Overall Coverage/service,org.ehrbase.repository,ContributionRepository,179,0,7,0,48,0,11,0,5,0
Overall Coverage/service,org.ehrbase.repository,PartyProxyRepository,698,0,60,0,173,0,48,0,18,0
Overall Coverage/service,org.ehrbase.repository,EhrFolderRepository,1262,0,48,0,257,0,72,0,48,0
Overall Coverage/service,org.ehrbase.repository,RepositoryHelper,42,0,2,0,12,0,3,0,2,0
Overall Coverage/service,org.ehrbase.repository,SystemRepository,50,0,0,0,15,0,4,0,4,0
Overall Coverage/service,org.ehrbase.aql.sql.queryimpl.attribute.ehr.ehrstatus,SimpleEhrStatusAttribute,31,0,2,0,8,0,4,0,3,0
Overall Coverage/service,org.ehrbase.aql.sql.queryimpl.attribute.ehr.ehrstatus,EhrStatusAttribute,0,8,0,0,0,3,0,1,0,1
Overall Coverage/service,org.ehrbase.aql.sql.queryimpl.attribute.ehr.ehrstatus,EhrStatusOtherDetails,4,34,1,1,0,10,1,3,0,3
Overall Coverage/service,org.ehrbase.aql.sql.queryimpl.attribute.ehr.ehrstatus,StatusResolver,86,20,9,1,20,6,5,2,0,2
Overall Coverage/service,org.ehrbase.aql.sql.queryimpl.attribute.ehr.ehrstatus,EhrStatusJson,68,69,5,5,16,15,6,3,1,3
Overall Coverage/service,org.ehrbase.service,StatusServiceImp,61,0,0,0,15,0,7,0,7,0
Overall Coverage/service,org.ehrbase.service,AuthenticationFacade,6,0,0,0,2,0,2,0,2,0
Overall Coverage/service,org.ehrbase.service,TemplateServiceImp,270,0,6,0,68,0,15,0,12,0
Overall Coverage/service,org.ehrbase.service,RecordedDvText,35,0,0,0,10,0,2,0,2,0
Overall Coverage/service,org.ehrbase.service,CompositionServiceImp.new TemplateProvider() {...},19,0,0,0,4,0,3,0,3,0
Overall Coverage/service,org.ehrbase.service,CompositionServiceImp.new TemplateProvider() {...},19,0,0,0,4,0,3,0,3,0
Overall Coverage/service,org.ehrbase.service,CompositionServiceImp.new TemplateProvider() {...},19,0,0,0,3,0,3,0,3,0
Overall Coverage/service,org.ehrbase.service,CompositionServiceImp.new TemplateProvider() {...},19,0,0,0,3,0,3,0,3,0
Overall Coverage/service,org.ehrbase.service,PersistenceConfig,60,0,0,0,12,0,7,0,7,0
Overall Coverage/service,org.ehrbase.service,ValidationServiceImp.new APathQueryCache() {...},14,0,0,0,2,0,2,0,2,0
Overall Coverage/service,org.ehrbase.service,TemplateDBStorageService,71,0,2,0,19,0,10,0,9,0
Overall Coverage/service,org.ehrbase.service,PersistentCodePhrase,13,20,1,1,2,5,2,2,1,2
Overall Coverage/service,org.ehrbase.service,CompositionServiceImp,1206,0,94,0,322,0,82,0,32,0
Overall Coverage/service,org.ehrbase.service,RecordedDvDateTime,19,36,3,3,6,12,3,5,1,4
Overall Coverage/service,org.ehrbase.service,CacheKey,4,65,5,5,1,11,5,6,0,6
Overall Coverage/service,org.ehrbase.service,QueryServiceImp,521,0,32,0,134,0,33,0,17,0
Overall Coverage/service,org.ehrbase.service,KnowledgeCacheService.new KnowledgeCacheService.SecCtxAwareRunnable() {...},69,0,0,0,16,0,4,0,4,0
Overall Coverage/service,org.ehrbase.service,KnowledgeCacheService.new KnowledgeCacheService.SecCtxAwareRunnable() {...},22,0,0,0,3,0,2,0,2,0
Overall Coverage/service,org.ehrbase.service,TerminologyServiceImp,19,131,0,0,4,21,4,18,4,18
Overall Coverage/service,org.ehrbase.service,PartyServiceImp,97,0,0,0,19,0,7,0,7,0
Overall Coverage/service,org.ehrbase.service,RecordedDvCodedText,54,115,9,7,18,28,7,4,0,3
Overall Coverage/service,org.ehrbase.service,ApplicationContextProvider,8,0,0,0,4,0,3,0,3,0
Overall Coverage/service,org.ehrbase.service,EhrServiceImp,997,0,66,0,224,0,69,0,36,0
Overall Coverage/service,org.ehrbase.service,ContributionServiceImp,803,0,62,0,198,0,54,0,18,0
Overall Coverage/service,org.ehrbase.service,SystemService,63,0,2,0,15,0,5,0,4,0
Overall Coverage/service,org.ehrbase.service,ContributionServiceHelper,85,91,7,7,20,23,8,5,2,4
Overall Coverage/service,org.ehrbase.service,TenantServiceImp,198,0,4,0,44,0,16,0,14,0
Overall Coverage/service,org.ehrbase.service,BaseServiceImp,42,0,2,0,11,0,6,0,5,0
Overall Coverage/service,org.ehrbase.service,ContributionServiceImp.SupportedClasses,0,34,0,0,0,4,0,1,0,1
Overall Coverage/service,org.ehrbase.service,PersistenceConfig.ExceptionTranslator,23,0,0,0,6,0,2,0,2,0
Overall Coverage/service,org.ehrbase.service,KnowledgeCacheService,481,603,46,30,103,126,60,42,29,35
Overall Coverage/service,org.ehrbase.service,PersistenceConfig.new DataSourceConnectionProvider() {...},41,0,0,0,10,0,2,0,2,0
Overall Coverage/service,org.ehrbase.service,DirectoryServiceImp,442,0,38,0,94,0,35,0,16,0
Overall Coverage/service,org.ehrbase.service,ValidationServiceImp,312,0,42,0,87,0,29,0,8,0
Overall Coverage/service,org.ehrbase.service,PersistentTermMapping,2,159,1,3,0,36,1,6,0,5
Overall Coverage/service,org.ehrbase.service,KnowledgeCacheService.SecCtxAwareRunnable,13,0,0,0,6,0,2,0,2,0
Overall Coverage/service,org.ehrbase.aql.sql.queryimpl.attribute.ehr.ehrstatus.subject,SubjectResolver,21,0,0,0,6,0,2,0,2,0
Overall Coverage/service,org.ehrbase.ehr.util,EhrException,8,0,0,0,3,0,1,0,1,0
Overall Coverage/service,org.ehrbase.ehr.util,LocatableHelper,0,23,0,0,0,7,0,2,0,2
Overall Coverage/service,org.ehrbase.aql.sql.queryimpl.attribute.partyref,SimplePartyRefAttribute,0,20,0,0,0,5,0,3,0,3
Overall Coverage/service,org.ehrbase.aql.sql.queryimpl.attribute.partyref,PartyIdentifiedJson,16,0,0,0,4,0,3,0,3,0
Overall Coverage/service,org.ehrbase.aql.sql.queryimpl.attribute.partyref,PartyRefAttribute,0,5,0,0,0,2,0,1,0,1
Overall Coverage/service,org.ehrbase.aql.sql.queryimpl.attribute.partyref,PartyResolver,82,33,8,2,18,9,8,3,0,2
Overall Coverage/service,org.ehrbase.aql.sql.queryimpl.attribute.partyref,PartyRefJson,40,61,3,3,9,14,4,3,1,3
Overall Coverage/service,org.ehrbase.aql.sql,QueryProcessor,151,677,19,69,38,155,18,36,3,7
Overall Coverage/service,org.ehrbase.aql.sql,QueryProcessor.AqlSelectQuery,6,15,0,0,2,6,2,2,2,2
Overall Coverage/service,org.ehrbase.aql.sql,PathResolver,5,122,2,8,1,29,3,9,1,6
Overall Coverage/service,org.ehrbase.aql.sql,AqlResult,15,47,1,5,6,11,5,6,4,4
Overall Coverage/service,org.ehrbase.aql.sql,QuerySteps,83,40,15,1,22,14,10,7,2,7
Overall Coverage/service,org.ehrbase.aql.sql.queryimpl.attribute.system,SystemResolver,68,0,5,0,15,0,5,0,2,0
Overall Coverage/service,org.ehrbase.aql.sql.queryimpl.attribute.system,SystemAttribute,20,0,0,0,5,0,3,0,3,0
Overall Coverage/service,org.ehrbase.ehr.knowledge,I_KnowledgeCache.ConceptValue,27,0,0,0,10,0,5,0,5,0
Overall Coverage/service,org.ehrbase.ehr.knowledge,TemplateMetaData,28,14,4,0,8,6,5,4,3,4
Overall Coverage/service,org.ehrbase.ehr.knowledge,I_KnowledgeCache.LanguageValue,15,0,0,0,6,0,3,0,3,0
Overall Coverage/service,org.ehrbase.ehr.knowledge,KnowledgeType,57,0,0,0,10,0,4,0,4,0
Overall Coverage/service,org.ehrbase.ehr.knowledge,I_KnowledgeCache.TerritoryValue,27,0,0,0,10,0,5,0,5,0
Overall Coverage/service,org.ehrbase.dao.access.jooq.rmdatavalue,JooqCodePhrase,0,19,0,0,0,5,0,2,0,2
Overall Coverage/service,org.ehrbase.dao.access.jooq.rmdatavalue,JooqDvCodedText,63,20,8,0,19,5,5,2,1,2
Overall Coverage/service,org.ehrbase.dao.access.interfaces,I_CompositionHistoryAccess,9,0,0,0,2,0,2,0,2,0
Overall Coverage/service,org.ehrbase.dao.access.interfaces,I_AttestationAccess,4,0,0,0,1,0,1,0,1,0
Overall Coverage/service,org.ehrbase.dao.access.interfaces,I_ContextAccess,35,0,0,0,9,0,5,0,5,0
Overall Coverage/service,org.ehrbase.dao.access.interfaces,I_StatusHistoryAccess,5,0,0,0,1,0,1,0,1,0
Overall Coverage/service,org.ehrbase.dao.access.interfaces,I_AuditDetailsAccess,16,0,0,0,2,0,2,0,2,0
Overall Coverage/service,org.ehrbase.dao.access.interfaces,I_CompositionAccess,191,0,4,0,47,0,21,0,19,0
Overall Coverage/service,org.ehrbase.dao.access.interfaces,I_SystemAccess,35,0,0,0,6,0,6,0,6,0
Overall Coverage/service,org.ehrbase.dao.access.interfaces,I_DomainAccess,5,0,0,0,1,0,1,0,1,0
Overall Coverage/service,org.ehrbase.dao.access.interfaces,I_ContributionAccess,11,0,0,0,2,0,2,0,2,0
Overall Coverage/service,org.ehrbase.dao.access.interfaces,I_ConceptAccess.ContributionChangeType,81,0,0,0,11,0,3,0,3,0
Overall Coverage/service,org.ehrbase.dao.access.interfaces,I_TemplateStoreAccess,28,0,0,0,7,0,7,0,7,0
Overall Coverage/service,org.ehrbase.dao.access.interfaces,I_ConceptAccess,152,0,4,0,33,0,16,0,14,0
Overall Coverage/service,org.ehrbase.dao.access.interfaces,I_DatabaseStatusAccess,3,0,0,0,1,0,1,0,1,0
Overall Coverage/service,org.ehrbase.dao.access.interfaces,I_EntryAccess,35,0,0,0,5,0,5,0,5,0
Overall Coverage/service,org.ehrbase.dao.access.interfaces,I_TenantAccess,21,0,0,0,6,0,5,0,5,0
Overall Coverage/service,org.ehrbase.dao.access.interfaces,I_StatusAccess,38,0,0,0,9,0,9,0,9,0
Overall Coverage/service,org.ehrbase.dao.access.interfaces,I_EhrAccess,60,0,0,0,11,0,11,0,11,0
Overall Coverage/service,org.ehrbase.opt.query,TemplateTestData,0,30,0,0,0,6,0,3,0,3
Overall Coverage/service,org.ehrbase.plugin,QueryPluginAspect,36,0,0,0,10,0,4,0,4,0
Overall Coverage/service,org.ehrbase.plugin,EhrPluginAspect,90,0,0,0,26,0,9,0,9,0
Overall Coverage/service,org.ehrbase.plugin,CompositionPluginAspect,169,0,0,0,41,0,15,0,15,0
Overall Coverage/service,org.ehrbase.plugin,TemplatePluginAspect,23,0,0,0,6,0,4,0,4,0
Overall Coverage/service,org.ehrbase.plugin,AbstractPluginAspect,139,0,4,0,29,0,12,0,10,0
Overall Coverage/service,org.ehrbase.aql.compiler,AqlExpression,19,110,3,3,5,25,3,5,0,5
Overall Coverage/service,org.ehrbase.aql.compiler,WhereClauseUtil,24,82,6,16,2,16,6,9,1,3
Overall Coverage/service,org.ehrbase.aql.compiler,Contains,0,62,0,0,0,19,0,6,0,6
Overall Coverage/service,org.ehrbase.aql.compiler,TopAttributes,0,15,0,0,0,6,0,3,0,3
Overall Coverage/service,org.ehrbase.aql.compiler,AqlExpressionWithParameters,11,67,0,10,3,14,1,8,1,3
Overall Coverage/service,org.ehrbase.aql.compiler,AqlErrorHandler,52,9,8,0,7,3,5,3,1,3
Overall Coverage/service,org.ehrbase.aql.compiler,OrderAttribute,0,16,0,0,0,7,0,4,0,4
Overall Coverage/service,org.ehrbase.aql.compiler,Statements,4,210,0,18,1,46,1,25,1,16
Overall Coverage/service,org.ehrbase.aql.compiler,TopAttributes.TopDirection,0,15,0,0,0,3,0,1,0,1
Overall Coverage/service,org.ehrbase.aql.compiler,AuditVariables,108,0,12,0,16,0,10,0,4,0
Overall Coverage/service,org.ehrbase.aql.compiler,AqlErrorHandlerNoRecovery,4,46,2,2,1,7,3,3,1,3
Overall Coverage/service,org.ehrbase.aql.compiler,OrderAttribute.OrderDirection,0,15,0,0,0,3,0,1,0,1
Overall Coverage/service,org.ehrbase.aql.compiler,QueryCompilerPass2,150,803,41,81,34,174,35,47,1,20
Overall Coverage/service,org.ehrbase.aql.compiler,QueryCompilerPass1,167,383,33,33,39,94,24,19,2,8
Overall Coverage/service,org.ehrbase.aql.compiler,WhereVisitor,129,503,33,63,21,108,30,32,1,13
Overall Coverage/service,org.ehrbase.aql.sql.binding,SuperQuery,58,230,13,21,13,60,11,15,0,9
Overall Coverage/service,org.ehrbase.aql.sql.binding,LimitBinding,0,42,0,8,0,9,0,6,0,2
Overall Coverage/service,org.ehrbase.aql.sql.binding,WhereVariable,18,176,5,17,2,44,5,14,0,8
Overall Coverage/service,org.ehrbase.aql.sql.binding,DateTimes,36,0,4,0,9,0,4,0,2,0
Overall Coverage/service,org.ehrbase.aql.sql.binding,JsonbBlockDef,21,0,0,0,8,0,4,0,4,0
Overall Coverage/service,org.ehrbase.aql.sql.binding,LateralJoins,41,128,11,5,11,32,8,5,0,5
Overall Coverage/service,org.ehrbase.aql.sql.binding,WhereJsQueryExpression,85,20,15,1,12,7,9,2,1,2
Overall Coverage/service,org.ehrbase.aql.sql.binding,OrderByField,2,97,4,16,0,26,4,10,0,4
Overall Coverage/service,org.ehrbase.aql.sql.binding,I_TaggedStringBuilder.TagField,0,24,0,0,0,3,0,1,0,1
Overall Coverage/service,org.ehrbase.aql.sql.binding,WhereEvaluation,44,0,6,0,11,0,5,0,2,0
Overall Coverage/service,org.ehrbase.aql.sql.binding,SetReturningFunction,0,16,1,3,0,3,1,3,0,2
Overall Coverage/service,org.ehrbase.aql.sql.binding,OrderByBinder,11,133,5,23,1,38,5,12,0,3
Overall Coverage/service,org.ehrbase.aql.sql.binding,ContextualAttribute,108,0,12,0,27,0,8,0,2,0
Overall Coverage/service,org.ehrbase.aql.sql.binding,FieldConstantHandler,63,40,7,7,11,8,7,5,3,2
Overall Coverage/service,org.ehrbase.aql.sql.binding,ConstantField,15,29,2,2,4,8,2,2,0,2
Overall Coverage/service,org.ehrbase.aql.sql.binding,JoinBinder,156,357,28,46,33,87,26,25,3,11
Overall Coverage/service,org.ehrbase.aql.sql.binding,WhereMultiFields,21,103,1,7,7,21,2,7,1,4
Overall Coverage/service,org.ehrbase.aql.sql.binding,WhereBinder,466,517,75,45,106,105,51,24,4,9
Overall Coverage/service,org.ehrbase.aql.sql.binding,InSetWhereClause,70,0,8,0,11,0,6,0,2,0
Overall Coverage/service,org.ehrbase.aql.sql.binding,SelectBinder,2,299,4,18,2,71,4,16,0,9
Overall Coverage/service,org.ehrbase.aql.sql.binding,VariableDefinitions,22,63,7,7,7,16,6,8,1,6
Overall Coverage/service,org.ehrbase.aql.sql.binding,TaggedStringBuilder,76,63,5,1,17,18,11,7,8,7
Overall Coverage/service,org.ehrbase.aql.sql.binding,FunctionExpression,0,88,0,10,0,19,0,8,0,3
Overall Coverage/service,org.ehrbase.aql.sql.binding,CompositionAttribute,0,46,1,5,0,11,1,4,0,2
Overall Coverage/service,org.ehrbase.aql.sql.binding,ExpressionField,29,85,3,6,5,18,3,4,0,2
Overall Coverage/service,org.ehrbase.aql.sql.binding,LocatableItem,15,26,1,1,4,9,2,2,1,2
Overall Coverage/service,org.ehrbase.aql.sql.binding,WhereTemporal,41,0,6,0,9,0,5,0,2,0
Overall Coverage/service,org.ehrbase.aql.sql.binding,WhereBinder.ExistsMode,0,21,0,0,0,4,0,1,0,1
Overall Coverage/service,org.ehrbase.aql.sql.binding,Iso8601Duration,39,0,0,0,8,0,2,0,2,0
Overall Coverage/service,org.ehrbase.aql.sql.queryimpl,NodeNameValuePredicate,0,28,0,0,0,8,0,2,0,2
Overall Coverage/service,org.ehrbase.aql.sql.queryimpl,NormalizedRmAttributePath,22,70,4,12,3,12,3,8,0,3
Overall Coverage/service,org.ehrbase.aql.sql.queryimpl,QualifiedAqlField,10,65,4,2,1,20,3,9,1,8
Overall Coverage/service,org.ehrbase.aql.sql.queryimpl,JsonbEntryQuery,202,397,28,44,39,88,24,21,4,5
Overall Coverage/service,org.ehrbase.aql.sql.queryimpl,IterativeNode,57,318,23,35,15,68,21,25,0,17
Overall Coverage/service,org.ehrbase.aql.sql.queryimpl,NormalizedOtherParticipations,61,0,4,0,10,0,4,0,2,0
Overall Coverage/service,org.ehrbase.aql.sql.queryimpl,NodeIds,48,0,6,0,12,0,4,0,1,0
Overall Coverage/service,org.ehrbase.aql.sql.queryimpl,JsonbEntryQuery.OTHER_ITEM,24,0,0,0,3,0,1,0,1,0
Overall Coverage/service,org.ehrbase.aql.sql.queryimpl,PGType,69,76,28,13,13,18,19,7,0,3
Overall Coverage/service,org.ehrbase.aql.sql.queryimpl,AqlDialects,3,1,0,0,1,1,1,1,1,1
Overall Coverage/service,org.ehrbase.aql.sql.queryimpl,DurationFormatter,52,0,8,0,8,0,6,0,2,0
Overall Coverage/service,org.ehrbase.aql.sql.queryimpl,VariableAqlPath,0,37,0,0,0,8,0,4,0,4
Overall Coverage/service,org.ehrbase.aql.sql.queryimpl,MultiFields,52,129,6,2,11,31,9,13,5,13
Overall Coverage/service,org.ehrbase.aql.sql.queryimpl,SegmentedPath,6,53,3,11,2,13,3,6,0,2
Overall Coverage/service,org.ehrbase.aql.sql.queryimpl,NormalizedFeederAuditAttributePath,54,0,8,0,10,0,6,0,2,0
Overall Coverage/service,org.ehrbase.aql.sql.queryimpl,TemplateMetaData,0,6,0,0,0,3,0,1,0,1
Overall Coverage/service,org.ehrbase.aql.sql.queryimpl,DefaultColumnId,14,18,2,4,1,6,2,3,0,2
Overall Coverage/service,org.ehrbase.aql.sql.queryimpl,VariablePath,4,34,2,4,0,9,2,3,0,2
Overall Coverage/service,org.ehrbase.aql.sql.queryimpl,NormalizedItemStructureAttributePath,0,47,1,5,0,10,1,4,0,2
Overall Coverage/service,org.ehrbase.aql.sql.queryimpl,NullField,49,0,10,0,11,0,7,0,2,0
Overall Coverage/service,org.ehrbase.aql.sql.queryimpl,MultiFieldsMultiMap,16,77,4,6,4,17,3,5,0,3
Overall Coverage/service,org.ehrbase.aql.sql.queryimpl,AqlRoutines,23,81,2,2,3,16,4,8,2,8
Overall Coverage/service,org.ehrbase.aql.sql.queryimpl,MultiFieldsMap,6,148,0,16,1,34,1,20,1,12
Overall Coverage/service,org.ehrbase.aql.sql.queryimpl,JsonbEntryQuery.PATH_PART,0,24,0,0,0,3,0,1,0,1
Overall Coverage/service,org.ehrbase.aql.sql.queryimpl,ItemInfo,0,15,0,0,0,6,0,3,0,3
Overall Coverage/service,org.ehrbase.aql.sql.queryimpl,JsonbFunctionCall,20,181,3,7,4,44,3,8,0,6
Overall Coverage/service,org.ehrbase.aql.sql.queryimpl,MultiPath,0,13,0,0,0,4,0,2,0,2
Overall Coverage/service,org.ehrbase.aql.sql.queryimpl,DataTypeFromTemplate,26,69,6,4,4,19,5,5,0,5
Overall Coverage/service,org.ehrbase.aql.sql.queryimpl,FunctionBasedNodePredicateCall,8,217,3,13,1,51,3,10,0,5
Overall Coverage/service,org.ehrbase.aql.sql.queryimpl,JqueryPath,26,221,7,29,6,45,6,18,0,6
Overall Coverage/service,org.ehrbase.aql.sql.queryimpl,WebTemplateAqlPath,36,142,7,21,10,35,6,12,0,4
Overall Coverage/service,org.ehrbase.aql.sql.queryimpl,EntryAttributeMapper,150,216,36,34,24,36,26,13,2,2
Overall Coverage/service,org.ehrbase.aql.sql.queryimpl,ObjectQuery,8,41,2,2,2,12,4,5,2,5
Overall Coverage/service,org.ehrbase.aql.sql.queryimpl,CompositionAttributeQuery,57,318,9,25,12,64,12,15,4,6
Overall Coverage/service,org.ehrbase.aql.sql.queryimpl,IQueryImpl.Clause,0,44,0,0,0,5,0,1,0,1
Overall Coverage/service,org.ehrbase.aql.sql.queryimpl,UnknownVariableException,0,5,0,0,0,2,0,1,0,1
Overall Coverage/service,org.ehrbase.aql.sql.queryimpl,NodePredicateCall,6,283,3,17,2,62,3,13,0,6
Overall Coverage/service,org.ehrbase.aql.sql.queryimpl.attribute.eventcontext.participations,ParticipationsJson,61,0,6,0,15,0,7,0,4,0
Overall Coverage/service,org.ehrbase.cache,CacheOptions,18,9,0,0,8,3,5,2,5,2
Overall Coverage/service,org.ehrbase.aql.sql.queryimpl.attribute.concept,ConceptResolver,36,91,4,8,7,18,4,5,0,3
Overall Coverage/service,org.ehrbase.aql.sql.queryimpl.attribute.concept,ConceptJson,5,59,2,4,2,14,2,5,0,4
Overall Coverage/service,org.ehrbase.dao.access.util,SemVerUtil,3,79,0,12,1,20,1,8,1,2
Overall Coverage/service,org.ehrbase.dao.access.util,InvalidVersionFormatException,0,5,0,0,0,2,0,1,0,1
Overall Coverage/service,org.ehrbase.dao.access.util,ContributionDef,3,0,0,0,1,0,1,0,1,0
Overall Coverage/service,org.ehrbase.dao.access.util,StoredQueryQualifiedName,8,69,3,5,1,18,3,7,1,5
Overall Coverage/service,org.ehrbase.dao.access.util,VersionConflictException,0,4,0,0,0,2,0,1,0,1
Overall Coverage/service,org.ehrbase.dao.access.util,ContributionDef.ContributionState,59,0,0,0,9,0,3,0,3,0
Overall Coverage/service,org.ehrbase.dao.access.util,FolderUtils,0,32,1,5,0,8,1,4,0,2
Overall Coverage/service,org.ehrbase.dao.access.util,SemVer,8,223,5,21,1,45,4,29,0,20
Overall Coverage/service,org.ehrbase.dao.access.util,TransactionTime,5,0,0,0,1,0,1,0,1,0
Overall Coverage/service,org.ehrbase.dao.access.util,ContributionDef.ContributionType,37,0,0,0,7,0,3,0,3,0
Overall Coverage/service,org.ehrbase,ServiceModuleConfiguration,20,0,0,0,5,0,5,0,5,0
Overall Coverage/service,org.ehrbase.aql.definition,FromForeignDataDefinition.FDType,27,0,0,0,5,0,1,0,1,0
Overall Coverage/service,org.ehrbase.aql.definition,PredicateDefinition,0,21,0,0,0,8,0,4,0,4
Overall Coverage/service,org.ehrbase.aql.definition,FromForeignDataDefinition.NodePredicate,42,0,0,0,15,0,8,0,8,0
Overall Coverage/service,org.ehrbase.aql.definition,FromEhrDefinition.EhrPredicate,8,47,2,4,1,15,3,9,1,8
Overall Coverage/service,org.ehrbase.aql.definition,ConstantDefinition,53,36,1,1,24,15,22,11,21,11
Overall Coverage/service,org.ehrbase.aql.definition,VariableDefinition,18,263,4,12,5,65,8,33,4,29
Overall Coverage/service,org.ehrbase.aql.definition,FuncParameterType,0,34,0,0,0,4,0,1,0,1
Overall Coverage/service,org.ehrbase.aql.definition,IdentifiedPathVariable,0,73,1,7,0,18,1,5,0,2
Overall Coverage/service,org.ehrbase.aql.definition,FunctionDefinition,49,31,0,0,22,13,21,8,21,8
Overall Coverage/service,org.ehrbase.aql.definition,LateralJoinDefinition,0,43,0,0,0,16,0,8,0,8
Overall Coverage/service,org.ehrbase.aql.definition,FromEhrDefinition,31,33,2,0,6,10,4,5,3,5
Overall Coverage/service,org.ehrbase.aql.definition,FuncParameter,13,17,0,0,3,6,3,3,3,3
Overall Coverage/service,org.ehrbase.aql.definition,ExtensionDefinition,71,0,0,0,33,0,29,0,29,0
Overall Coverage/service,org.ehrbase.aql.definition,Variables,0,38,0,8,0,11,0,7,0,3
Overall Coverage/service,org.ehrbase.aql.definition,FromForeignDataDefinition,61,0,2,0,16,0,8,0,7,0
Overall Coverage/service,org.ehrbase.aql.definition,LateralVariable,0,15,0,0,0,5,0,2,0,2
Overall Coverage/service,org.ehrbase.aql.sql.queryimpl.attribute.ehr,EhrSetup,6,14,0,0,2,6,2,3,2,3
Overall Coverage/service,org.ehrbase.aql.sql.queryimpl.attribute.ehr,EhrIdValue,62,57,6,4,8,11,4,4,0,3
Overall Coverage/service,org.ehrbase.aql.sql.queryimpl.attribute.ehr,EhrAttribute,4,13,1,1,0,4,1,1,0,1
Overall Coverage/service,org.ehrbase.aql.sql.queryimpl.attribute.ehr,FullEhrJson,26,217,12,18,4,60,11,9,1,4
Overall Coverage/service,org.ehrbase.aql.sql.queryimpl.attribute.ehr,EhrResolver,47,97,3,12,9,21,3,9,0,3
Overall Coverage/service,org.ehrbase.dao.access.jooq.party,PersistedPartySelf,129,0,8,0,35,0,8,0,4,0
Overall Coverage/service,org.ehrbase.dao.access.jooq.party,PersistedParty,20,6,0,0,3,3,4,1,4,1
Overall Coverage/service,org.ehrbase.dao.access.jooq.party,PersistedPartyProxy,283,0,30,0,54,0,27,0,12,0
Overall Coverage/service,org.ehrbase.dao.access.jooq.party,I_PersistedParty,13,0,0,0,1,0,2,0,2,0
Overall Coverage/service,org.ehrbase.dao.access.jooq.party,PartyIdentifiers,91,173,17,13,29,42,16,15,4,12
Overall Coverage/service,org.ehrbase.dao.access.jooq.party,PersistedPartyIdentified,148,62,7,1,40,17,8,4,4,4
Overall Coverage/service,org.ehrbase.dao.access.jooq.party,PersistedObjectId,32,20,5,1,8,6,5,2,1,2
Overall Coverage/service,org.ehrbase.dao.access.jooq.party,PartyRefValue,90,0,4,0,23,0,9,0,7,0
Overall Coverage/service,org.ehrbase.dao.access.jooq.party,PersistedPartyRef,116,0,10,0,35,0,9,0,4,0
Overall Coverage/service,org.ehrbase.dao.access.jooq.party,PersistedPartyRelated,214,83,8,0,65,23,11,8,7,8
Overall Coverage/service,org.ehrbase.aql.sql.queryimpl.value_field,ISODateTime,8,45,0,0,2,12,1,4,1,4
Overall Coverage/service,org.ehrbase.aql.sql.queryimpl.value_field,SimpleAttribute,45,0,4,0,10,0,6,0,4,0
Overall Coverage/service,org.ehrbase.aql.sql.queryimpl.value_field,FormattedField,18,25,0,0,5,8,3,2,3,2
Overall Coverage/service,org.ehrbase.aql.sql.queryimpl.value_field,Functions,25,57,2,5,3,9,3,7,1,4
Overall Coverage/service,org.ehrbase.aql.sql.queryimpl.value_field,NodePredicate,25,71,4,8,2,17,4,6,0,4
Overall Coverage/service,org.ehrbase.aql.sql.queryimpl.value_field,GenericJsonField,124,309,5,13,23,63,11,16,6,12
Overall Coverage/service,org.ehrbase.aql.containment,Predicates,41,0,0,0,12,0,6,0,6,0
Overall Coverage/service,org.ehrbase.aql.containment,SimpleClassExpressionIdentifier,8,38,1,3,1,13,1,3,0,2
Overall Coverage/service,org.ehrbase.aql.containment,IdentifierMapper,153,290,22,40,30,59,21,26,5,11
Overall Coverage/service,org.ehrbase.aql.containment,ContainmentSet,127,29,20,0,26,10,17,4,7,4
Overall Coverage/service,org.ehrbase.aql.containment,ContainPropositions,26,250,8,34,6,63,8,21,0,7
Overall Coverage/service,org.ehrbase.aql.containment,IdentifierMapper.Mapper,8,15,0,0,4,5,2,3,2,3
Overall Coverage/service,org.ehrbase.aql.containment,ContainsCheck,0,28,0,0,0,9,0,4,0,4
Overall Coverage/service,org.ehrbase.aql.containment,JsonPathQueryResult,7,27,1,1,2,11,1,4,0,4
Overall Coverage/service,org.ehrbase.aql.containment,ContainsProposition,9,201,4,24,2,51,4,15,0,5
Overall Coverage/service,org.ehrbase.aql.containment,SimpleChainedCheck,16,30,4,2,3,7,4,4,1,4
Overall Coverage/service,org.ehrbase.aql.containment,ContainOperator,6,15,0,0,1,5,1,3,1,3
Overall Coverage/service,org.ehrbase.aql.containment,ContainOperator.OPERATOR,0,27,0,0,0,5,0,1,0,1
Overall Coverage/service,org.ehrbase.aql.containment,Templates,10,51,1,5,2,13,1,6,0,4
Overall Coverage/service,org.ehrbase.aql.containment,JsonPathQueryBuilder,0,48,1,5,0,14,1,4,0,2
Overall Coverage/service,org.ehrbase.aql.containment,Containments,1,101,4,14,1,23,4,8,0,3
Overall Coverage/service,org.ehrbase.aql.containment,CommonTokenCompare,1,25,3,3,0,6,3,2,0,2
Overall Coverage/service,org.ehrbase.aql.containment,AnonymousSymbol,6,16,0,0,3,4,1,2,1,2
Overall Coverage/service,org.ehrbase.aql.containment,ContainsExpressions,33,147,5,17,9,33,6,15,1,9
Overall Coverage/service,org.ehrbase.aql.containment,Predicates.Details,44,0,4,0,15,0,10,0,8,0
Overall Coverage/service,org.ehrbase.aql.containment,TemplateIdAqlTuple,9,70,6,6,1,12,7,5,1,5
Overall Coverage/service,org.ehrbase.aql.containment,Containment,137,102,42,8,16,21,26,10,2,9
Overall Coverage/service,org.ehrbase.aql.containment,ComplexContainsCheck,57,10,8,0,10,4,6,2,2,2
Overall Coverage/service,org.ehrbase.util,WebTemplateNodeQuery,69,0,4,0,13,0,4,0,2,0
Overall Coverage/service,org.ehrbase.util,TemplateUtils,20,48,2,2,2,15,4,6,2,6
Overall Coverage/service,org.ehrbase.util,UuidGenerator,0,153,0,6,0,28,0,10,0,7
Overall Coverage/service,org.ehrbase.util,PartyUtils,130,0,44,0,30,0,30,0,8,0
Overall Coverage/service,org.ehrbase.aql.sql.queryimpl.attribute.composer,ComposerResolver,0,17,0,0,0,5,0,2,0,2
Overall Coverage/service,org.ehrbase.aql.sql.postprocessing,ResultBlock,28,0,6,0,6,0,5,0,2,0
Overall Coverage/service,org.ehrbase.aql.sql.postprocessing,RawJsonTransform,111,0,18,0,25,0,10,0,1,0
Overall Coverage/service,org.ehrbase.aql.sql.queryimpl.attribute.composition,ArchetypeNodeId,10,0,0,0,3,0,1,0,1,0
Overall Coverage/service,org.ehrbase.aql.sql.queryimpl.attribute.composition,CompositionName,34,0,4,0,9,0,5,0,3,0
Overall Coverage/service,org.ehrbase.aql.sql.queryimpl.attribute.composition,CompositionResolver,130,138,12,12,24,27,11,6,0,2
Overall Coverage/service,org.ehrbase.aql.sql.queryimpl.attribute.composition,CompositionIdFieldSetup,3,10,0,0,1,4,1,2,1,2
Overall Coverage/service,org.ehrbase.aql.sql.queryimpl.attribute.composition,SimpleCompositionAttribute,8,24,1,1,1,7,1,3,0,3
Overall Coverage/service,org.ehrbase.aql.sql.queryimpl.attribute.composition,CompositionUidValue,99,0,4,0,22,0,7,0,5,0
Overall Coverage/service,org.ehrbase.aql.sql.queryimpl.attribute.composition,FullCompositionJson,28,111,5,5,8,26,6,5,3,3
Overall Coverage/service,org.ehrbase.aql.sql.queryimpl.attribute.composition,CompositionAttribute,0,12,0,0,0,4,0,1,0,1
Overall Coverage/service,org.ehrbase.aql.sql.queryimpl.attribute.composition,TemplateId,10,0,0,0,3,0,1,0,1,0
Overall Coverage/service,org.ehrbase.tenant.extraction,AuthenticatedExtractionStrategy.TenantAuthenticationAdapter,64,0,6,0,16,0,6,0,3,0
Overall Coverage/service,org.ehrbase.tenant.extraction,DefaultExtractionStrategy.NoneAlgorithm,21,0,2,0,7,0,4,0,3,0
Overall Coverage/service,org.ehrbase.tenant.extraction,AuthenticatedExtractionStrategy.TokenAuthenticatedExtractionStrategy,81,0,8,0,17,0,8,0,4,0
Overall Coverage/service,org.ehrbase.tenant.extraction,AuthenticatedExtractionStrategy.AuthenticationExtractionStrategy,34,0,2,0,10,0,5,0,4,0
Overall Coverage/service,org.ehrbase.tenant.extraction,DefaultExtractionStrategy,21,0,0,0,8,0,5,0,5,0
Overall Coverage/service,org.ehrbase.tenant.extraction,AuthenticatedExtractionStrategy,79,0,4,0,17,0,7,0,5,0
Overall Coverage/service,org.ehrbase.aql.sql.queryimpl.attribute,GenericJsonPath,173,163,43,23,26,27,30,9,1,5
Overall Coverage/service,org.ehrbase.aql.sql.queryimpl.attribute,AttributeResolver,0,12,0,0,0,5,0,2,0,2
Overall Coverage/service,org.ehrbase.aql.sql.queryimpl.attribute,JsonbSelect,0,12,0,0,0,4,0,2,0,2
Overall Coverage/service,org.ehrbase.aql.sql.queryimpl.attribute,SuffixedPath,6,0,0,0,3,0,1,0,1,0
Overall Coverage/service,org.ehrbase.aql.sql.queryimpl.attribute,AttributePath,0,21,0,2,0,5,0,3,0,2
Overall Coverage/service,org.ehrbase.aql.sql.queryimpl.attribute,FilterSetup,14,9,0,0,6,4,4,1,4,1
Overall Coverage/service,org.ehrbase.aql.sql.queryimpl.attribute,RMObjectAttribute,4,75,1,7,0,16,1,8,0,5
Overall Coverage/service,org.ehrbase.aql.sql.queryimpl.attribute,FieldResolutionContext,15,92,1,5,5,31,6,15,5,13
Overall Coverage/service,org.ehrbase.aql.sql.queryimpl.attribute,JoinSetup,15,218,9,35,6,50,12,34,3,21
Overall Coverage/service,org.ehrbase.aql.sql.queryimpl.attribute,TemporalWithTimeZone,5,40,1,1,2,9,2,3,1,3
Overall Coverage/service,org.ehrbase.aql.sql.queryimpl.attribute.eventcontext.facility,FacilityResolver,17,0,0,0,5,0,2,0,2,0
Overall Coverage/service,org.ehrbase.dao.access.support,DataAccess,17,46,0,0,4,16,3,6,3,6
Overall Coverage/service,org.ehrbase.dao.access.support,TenantSupport,20,0,0,0,4,0,3,0,3,0
Overall Coverage/service,org.ehrbase.dao.access.support,SafeNav,2,47,1,3,0,11,1,7,0,6
Overall Coverage/service,org.ehrbase.dao.access.support,DummyDataAccess,2,7,0,0,1,2,1,1,1,1
Overall Coverage/service,org.ehrbase.dao.access.support,ServiceDataAccess,13,0,0,0,5,0,3,0,3,0
Overall Coverage/service,org.ehrbase.dao.access.support,SafeNav.CombineSafeNav,8,23,1,1,2,5,1,2,0,2
Overall Coverage/service,org.ehrbase.aql.parser,AqlParser.OffsetContext,11,34,3,3,3,8,5,5,2,5
Overall Coverage/service,org.ehrbase.aql.parser,AqlParser.VersionedClassExprContext,51,0,6,0,12,0,11,0,8,0
Overall Coverage/service,org.ehrbase.aql.parser,AqlParser.PredicateAndContext,23,31,3,3,5,8,7,5,4,5
Overall Coverage/service,org.ehrbase.aql.parser,AqlParser.QueryExprContext,45,31,3,3,8,8,10,5,7,5
Overall Coverage/service,org.ehrbase.aql.parser,AqlParser.OrderBySeqContext,23,29,3,3,5,7,7,4,4,4
Overall Coverage/service,org.ehrbase.aql.parser,AqlParser.ContainsContext,21,31,3,3,4,8,6,5,3,5
Overall Coverage/service,org.ehrbase.aql.parser,AqlParser.LimitContext,11,34,3,3,3,8,5,5,2,5
Overall Coverage/service,org.ehrbase.aql.parser,AqlParser.OrderByExprContext,16,45,3,3,4,10,6,7,3,7
Overall Coverage/service,org.ehrbase.aql.parser,AqlParser.NodePredicateAndContext,23,31,3,3,5,8,7,5,4,5
Overall Coverage/service,org.ehrbase.aql.parser,AqlParser.StdExpressionContext,46,62,3,3,10,13,12,10,9,10
Overall Coverage/service,org.ehrbase.aql.parser,AqlParser.ArchetypedClassExprContext,18,41,3,3,4,10,6,7,3,7
Overall Coverage/service,org.ehrbase.aql.parser,AqlParser.OrderByContext,17,29,3,3,4,7,6,4,3,4
Overall Coverage/service,org.ehrbase.aql.parser,AqlLexer,16,1389,0,8,8,79,8,9,8,5
Overall Coverage/service,org.ehrbase.aql.parser,AqlParser.InvokeOperandContext,36,5,6,0,8,2,8,1,5,1
Overall Coverage/service,org.ehrbase.aql.parser,AqlParser.MatchesOperandContext,31,21,4,2,6,6,8,3,5,3
Overall Coverage/service,org.ehrbase.aql.parser,AqlParser.SelectContext,21,31,3,3,4,8,6,5,3,5
Overall Coverage/service,org.ehrbase.aql.parser,AqlParser.CastFunctionContext,48,29,3,3,10,7,12,4,9,4
Overall Coverage/service,org.ehrbase.aql.parser,AqlParser.TopExprContext,6,49,3,3,2,11,4,8,1,8
Overall Coverage/service,org.ehrbase.aql.parser,AqlParser.NodePredicateOrContext,23,31,3,3,5,8,7,5,4,5
Overall Coverage/service,org.ehrbase.aql.parser,AqlParser.JoinPredicateContext,56,0,6,0,13,0,12,0,9,0
Overall Coverage/service,org.ehrbase.aql.parser,AqlParser.IdentifiedPathContext,15,42,3,3,3,10,5,7,2,7
Overall Coverage/service,org.ehrbase.aql.parser,AqlParser.IdentifiedOperandContext,30,23,4,2,5,7,7,4,4,4
Overall Coverage/service,org.ehrbase.aql.parser,AqlParser.VersionpredicateContext,51,0,6,0,12,0,11,0,8,0
Overall Coverage/service,org.ehrbase.aql.parser,AqlParser.VersionClassExprContext,57,0,6,0,13,0,12,0,9,0
Overall Coverage/service,org.ehrbase.aql.parser,AqlBaseVisitor,72,135,0,0,18,34,18,34,18,34
Overall Coverage/service,org.ehrbase.aql.parser,AqlParser.ContainExpressionBoolContext,16,41,3,3,3,10,5,7,2,7
Overall Coverage/service,org.ehrbase.aql.parser,AqlParser.FunctionContext,54,34,3,3,12,8,14,5,11,5
Overall Coverage/service,org.ehrbase.aql.parser,AqlParser.WhereContext,9,37,3,3,2,9,4,6,1,6
Overall Coverage/service,org.ehrbase.aql.parser,AqlParser.QueryContext,10,31,3,3,2,8,4,5,1,5
Overall Coverage/service,org.ehrbase.aql.parser,AqlParser.PredicateOperandContext,16,31,3,3,3,8,5,5,2,5
Overall Coverage/service,org.ehrbase.aql.parser,AqlParser.FromEHRContext,10,41,3,3,2,10,4,7,1,7
Overall Coverage/service,org.ehrbase.aql.parser,AqlParser.ExtensionContext,64,0,6,0,15,0,14,0,11,0
Overall Coverage/service,org.ehrbase.aql.parser,AqlParser.PathPartContext,15,31,3,3,3,8,5,5,2,5
Overall Coverage/service,org.ehrbase.aql.parser,AqlParser.FromExprContext,41,0,6,0,10,0,9,0,6,0
Overall Coverage/service,org.ehrbase.aql.parser,AqlParser.FromForeignDataContext,66,0,6,0,15,0,14,0,11,0
Overall Coverage/service,org.ehrbase.aql.parser,AqlParser.PredicateContext,20,31,3,3,4,8,6,5,3,5
Overall Coverage/service,org.ehrbase.aql.parser,AqlParser.SimpleClassExprContext,22,40,3,3,4,10,6,7,3,7
Overall Coverage/service,org.ehrbase.aql.parser,AqlParser.VersionpredicateOptionsContext,45,0,6,0,11,0,10,0,7,0
Overall Coverage/service,org.ehrbase.aql.parser,AqlParser.ValueListItemsContext,31,21,4,2,6,6,8,3,5,3
Overall Coverage/service,org.ehrbase.aql.parser,AqlParser.IdentifiedExprContext,59,23,4,2,12,7,14,4,11,4
Overall Coverage/service,org.ehrbase.aql.parser,AqlParser.NodePredicateComparableContext,48,41,3,3,10,10,12,7,9,7
Overall Coverage/service,org.ehrbase.aql.parser,AqlParser.ContainsExpressionContext,16,46,3,3,3,11,5,8,2,8
Overall Coverage/service,org.ehrbase.aql.parser,AqlParser.PredicateEqualityContext,19,31,3,3,4,8,6,5,3,5
Overall Coverage/service,org.ehrbase.aql.parser,AqlParser.OperandContext,46,62,3,3,9,14,11,11,8,11
Overall Coverage/service,org.ehrbase.aql.parser,AqlParser,4050,4349,318,157,1090,983,234,104,13,49
Overall Coverage/service,org.ehrbase.aql.parser,AqlParser.FromContext,47,31,3,3,9,8,11,5,8,5
Overall Coverage/service,org.ehrbase.aql.parser,AqlParser.IdentifiedEqualityContext,178,23,4,2,35,7,37,4,34,4
Overall Coverage/service,org.ehrbase.aql.parser,AqlParser.NodePredicateRegExContext,51,0,6,0,12,0,11,0,8,0
Overall Coverage/service,org.ehrbase.aql.parser,AqlParser.ObjectPathContext,23,31,3,3,5,8,7,5,4,5
Overall Coverage/service,org.ehrbase.aql.parser,AqlBaseListener,25,84,0,0,25,82,25,82,25,82
Overall Coverage/service,org.ehrbase.aql.parser,AqlParser.ClassExprContext,51,0,6,0,12,0,11,0,8,0
Overall Coverage/service,org.ehrbase.aql.parser,AqlParser.InvokeExprContext,35,33,5,1,9,7,9,6,6,6
Overall Coverage/service,org.ehrbase.aql.parser,AqlParser.PredicateExprContext,23,31,3,3,5,8,7,5,4,5
Overall Coverage/service,org.ehrbase.aql.parser,AqlParser.StandardPredicateContext,20,31,3,3,4,8,6,5,3,5
Overall Coverage/service,org.ehrbase.aql.parser,AqlParser.SelectExprContext,15,58,3,3,3,13,5,10,2,10
Overall Coverage/service,org.ehrbase.aql.sql.queryimpl.attribute.setting,SettingAttribute,80,0,4,0,22,0,7,0,5,0
Overall Coverage/service,org.ehrbase.aql.sql.queryimpl.attribute.setting,SettingResolver,75,0,6,0,18,0,5,0,2,0
